--------------
Wed Feb 06 11:03:18 2013
Unable to load AcDb resource file.
--------------
Wed Feb 06 11:04:37 2013
Unable to load AcDb resource file.
--------------
Wed Feb 06 11:05:46 2013
Unable to load AcDb resource file.
--------------
Wed Feb 06 11:23:33 2013
Unable to load AcDb resource file.
--------------
Wed Feb 06 11:36:21 2013
Unable to load AcDb resource file.
--------------
Wed Feb 06 11:45:54 2013
Unable to load AcDb resource file.
--------------
Wed Feb 06 11:59:15 2013
Unable to load AcDb resource file.
--------------
Wed Feb 06 12:29:18 2013
Unable to load AcDb resource file.
--------------
Wed Feb 06 13:50:52 2013
Unable to load AcDb resource file.
--------------
Wed Feb 06 14:01:34 2013
Unable to load AcDb resource file.
--------------
Wed Feb 06 15:23:50 2013
Unable to load AcDb resource file.
--------------
Wed Feb 06 15:24:15 2013
Unable to load AcDb resource file.
--------------
Wed Feb 06 15:26:36 2013
Unable to load AcDb resource file.
--------------
Wed Feb 06 15:40:22 2013
Unable to load AcDb resource file.
--------------
Wed Feb 06 15:41:33 2013
Unable to load AcDb resource file.
--------------
Wed Feb 06 15:42:08 2013
Unable to load AcDb resource file.
--------------
Wed Feb 06 15:43:47 2013
Unable to load AcDb resource file.
--------------
Wed Feb 06 15:45:41 2013
Unable to load AcDb resource file.
--------------
Wed Feb 06 15:59:40 2013
Unable to load AcDb resource file.
--------------
Sat Mar 02 11:27:30 2013
!!dbobji.cpp@387
