e:\giscad\giscad2018\inernal\arxprocessor\arxprocessor\x64\release\realdwgprocessor.pch
e:\giscad\giscad2018\inernal\arxprocessor\arxprocessor\x64\release\vc140.pdb
e:\giscad\giscad2018\inernal\arxprocessor\arxprocessor\x64\release\stdafx.obj
e:\giscad\giscad2018\inernal\arxprocessor\arxprocessor\x64\release\realdwgprocessor.obj
e:\giscad\giscad2018\inernal\arxprocessor\arxprocessor\x64\release\nsvalidationdatacollector.obj
e:\giscad\giscad2018\inernal\arxprocessor\arxprocessor\x64\release\nstextstyle.obj
e:\giscad\giscad2018\inernal\arxprocessor\arxprocessor\x64\release\nstextheight.obj
e:\giscad\giscad2018\inernal\arxprocessor\arxprocessor\x64\release\nspoint3d.obj
e:\giscad\giscad2018\inernal\arxprocessor\arxprocessor\x64\release\nslinetype.obj
e:\giscad\giscad2018\inernal\arxprocessor\arxprocessor\x64\release\nslayer.obj
e:\giscad\giscad2018\inernal\arxprocessor\arxprocessor\x64\release\nsdwgmgr.obj
e:\giscad\giscad2018\inernal\arxprocessor\arxprocessor\x64\release\nsdimstyle.obj
e:\giscad\giscad2018\inernal\arxprocessor\arxprocessor\x64\release\nsdelblock.obj
e:\giscad\giscad2018\inernal\arxprocessor\arxprocessor\x64\release\nscompositegeometry.obj
e:\giscad\giscad2018\inernal\arxprocessor\arxprocessor\x64\release\nsblock.obj
e:\giscad\giscad2018\inernal\arxprocessor\arxprocessor\x64\release\nsasset.obj
e:\giscad\giscad2018\inernal\release\arxprocessor.dll
e:\giscad\giscad2018\inernal\arxprocessor\arxprocessor\x64\release\realdwgprocessor.pdb
e:\giscad\giscad2018\inernal\lib\arxprocessor.lib
e:\giscad\giscad2018\inernal\lib\arxprocessor.exp
e:\giscad\giscad2018\inernal\arxprocessor\arxprocessor\x64\release\acstmgr.tlh
e:\giscad\giscad2018\inernal\arxprocessor\arxprocessor\x64\release\realdwgprocessor.tlog\cl.command.1.tlog
e:\giscad\giscad2018\inernal\arxprocessor\arxprocessor\x64\release\realdwgprocessor.tlog\cl.read.1.tlog
e:\giscad\giscad2018\inernal\arxprocessor\arxprocessor\x64\release\realdwgprocessor.tlog\cl.write.1.tlog
e:\giscad\giscad2018\inernal\arxprocessor\arxprocessor\x64\release\realdwgprocessor.tlog\link.command.1.tlog
e:\giscad\giscad2018\inernal\arxprocessor\arxprocessor\x64\release\realdwgprocessor.tlog\link.read.1.tlog
e:\giscad\giscad2018\inernal\arxprocessor\arxprocessor\x64\release\realdwgprocessor.tlog\link.write.1.tlog
e:\giscad\giscad2018\inernal\arxprocessor\arxprocessor\x64\release\realdwgprocessor.tlog\realdwgprocessor.write.1u.tlog
