e:\giscad\giscad2018\external\modules\realdwgprocessor\release\vc140.pdb
e:\giscad\giscad2018\external\modules\realdwgprocessor\release\nslayertbl.obj
e:\giscad\giscad2018\external\modules\realdwgprocessor\release\nslayerblockvalidator.obj
e:\giscad\giscad2018\external\modules\realdwgprocessor\release\nslayer.obj
e:\giscad\giscad2018\external\modules\realdwgprocessor\release\nshtmllogger.obj
e:\giscad\giscad2018\external\modules\realdwgprocessor\release\nsextravalidator.obj
e:\giscad\giscad2018\external\modules\realdwgprocessor\release\nserrorparser.obj
e:\giscad\giscad2018\external\modules\realdwgprocessor\release\nserrorcodes.obj
e:\giscad\giscad2018\external\modules\realdwgprocessor\release\nserrorcircle.obj
e:\giscad\giscad2018\external\modules\realdwgprocessor\release\nsellipseconnector.obj
e:\giscad\giscad2018\external\modules\realdwgprocessor\release\nsdwgmgr.obj
e:\giscad\giscad2018\external\modules\realdwgprocessor\release\nsdimstyletbl.obj
e:\giscad\giscad2018\external\modules\realdwgprocessor\release\nsdimstyle.obj
e:\giscad\giscad2018\external\modules\realdwgprocessor\release\nsdataitem.obj
e:\giscad\giscad2018\external\modules\realdwgprocessor\release\nsdatabasemgr.obj
e:\giscad\giscad2018\external\modules\realdwgprocessor\release\nscompositegeometry.obj
e:\giscad\giscad2018\external\modules\realdwgprocessor\release\nsblock.obj
e:\giscad\giscad2018\external\modules\realdwgprocessor\release\nsbasevalidator.obj
e:\giscad\giscad2018\external\modules\realdwgprocessor\release\nsassetvalidation.obj
e:\giscad\giscad2018\external\modules\realdwgprocessor\release\nsasset.obj
e:\giscad\giscad2018\external\modules\realdwgprocessor\release\dir.obj
e:\giscad\giscad2018\external\modules\realdwgprocessor\release\stdafx.obj
e:\giscad\giscad2018\external\modules\realdwgprocessor\release\realdwgprocessor.obj
e:\giscad\giscad2018\external\modules\realdwgprocessor\release\nsvalidatorimpl.obj
e:\giscad\giscad2018\external\modules\realdwgprocessor\release\nsvalidationdatacollector.obj
e:\giscad\giscad2018\external\modules\realdwgprocessor\release\nstitleblocktbl.obj
e:\giscad\giscad2018\external\modules\realdwgprocessor\release\nstextstyletbl.obj
e:\giscad\giscad2018\external\modules\realdwgprocessor\release\nstextstyle.obj
e:\giscad\giscad2018\external\modules\realdwgprocessor\release\nstextlogger.obj
e:\giscad\giscad2018\external\modules\realdwgprocessor\release\nstextheighttbl.obj
e:\giscad\giscad2018\external\modules\realdwgprocessor\release\nstextheight.obj
e:\giscad\giscad2018\external\modules\realdwgprocessor\release\nsreportwriter.obj
e:\giscad\giscad2018\external\modules\realdwgprocessor\release\nsreportlogger.obj
e:\giscad\giscad2018\external\modules\realdwgprocessor\release\nsrelationlinker.obj
e:\giscad\giscad2018\external\modules\realdwgprocessor\release\nspoint3d.obj
e:\giscad\giscad2018\external\modules\realdwgprocessor\release\nslogger.obj
e:\giscad\giscad2018\external\modules\realdwgprocessor\release\nslogcollection.obj
e:\giscad\giscad2018\external\modules\realdwgprocessor\release\nslocationvalidator.obj
e:\giscad\giscad2018\external\modules\realdwgprocessor\release\nslinetypetbl.obj
e:\giscad\giscad2018\external\modules\realdwgprocessor\release\nslinetype.obj
c:\acad2018_giscad\ee toolbox\realdwgprocessor.ilk
c:\acad2018_giscad\ee toolbox\realdwgprocessor.dll
e:\giscad\giscad2018\external\release\realdwgprocessor.pdb
e:\giscad\giscad2018\external\lib\realdwgprocessor.lib
e:\giscad\giscad2018\external\lib\realdwgprocessor.exp
e:\giscad\giscad2018\external\modules\realdwgprocessor\release\msado15.tli
e:\giscad\giscad2018\external\modules\realdwgprocessor\release\mssoap30.tli
e:\giscad\giscad2018\external\modules\realdwgprocessor\release\msxml4.tli
e:\giscad\giscad2018\external\modules\realdwgprocessor\release\msado15.tlh
e:\giscad\giscad2018\external\modules\realdwgprocessor\release\mssoap30.tlh
e:\giscad\giscad2018\external\modules\realdwgprocessor\release\msxml4.tlh
e:\giscad\giscad2018\external\modules\realdwgprocessor\release\realdwgprocessor.tlog\cl.command.1.tlog
e:\giscad\giscad2018\external\modules\realdwgprocessor\release\realdwgprocessor.tlog\cl.read.1.tlog
e:\giscad\giscad2018\external\modules\realdwgprocessor\release\realdwgprocessor.tlog\cl.write.1.tlog
e:\giscad\giscad2018\external\modules\realdwgprocessor\release\realdwgprocessor.tlog\link.command.1.tlog
e:\giscad\giscad2018\external\modules\realdwgprocessor\release\realdwgprocessor.tlog\link.read.1.tlog
e:\giscad\giscad2018\external\modules\realdwgprocessor\release\realdwgprocessor.tlog\link.write.1.tlog
e:\giscad\giscad2018\external\modules\realdwgprocessor\release\realdwgprocessor.tlog\realdwgprocessor.write.1u.tlog
