e:\giscad\giscad2018\inernal\lib\assetmgr.lib
e:\giscad\giscad2018\inernal\lib\assetmgr.exp
e:\giscad\giscad2018\inernal\assetmgr\assetmgr\x64\release\vc140.pdb
e:\giscad\giscad2018\inernal\assetmgr\assetmgr\x64\release\stdafx.obj
e:\giscad\giscad2018\inernal\assetmgr\assetmgr\x64\release\nsassetmgriface.obj
e:\giscad\giscad2018\inernal\assetmgr\assetmgr\x64\release\nsassethandler.obj
e:\giscad\giscad2018\inernal\assetmgr\assetmgr\x64\release\assetmgr.obj
e:\giscad\giscad2018\inernal\release\assetmgr.dll
e:\giscad\giscad2018\inernal\release\assetmgr.ipdb
e:\giscad\giscad2018\inernal\release\assetmgr.iobj
e:\giscad\giscad2018\inernal\assetmgr\assetmgr\x64\release\assetmgr.pdb
e:\giscad\giscad2018\inernal\assetmgr\assetmgr\x64\release\msado15.tli
e:\giscad\giscad2018\inernal\assetmgr\assetmgr\x64\release\mssoap30.tli
e:\giscad\giscad2018\inernal\assetmgr\assetmgr\x64\release\msxml6.tli
e:\giscad\giscad2018\inernal\assetmgr\assetmgr\x64\release\msado15.tlh
e:\giscad\giscad2018\inernal\assetmgr\assetmgr\x64\release\mssoap30.tlh
e:\giscad\giscad2018\inernal\assetmgr\assetmgr\x64\release\msxml6.tlh
e:\giscad\giscad2018\inernal\assetmgr\assetmgr\x64\release\assetmgr.tlog\assetmgr.write.1u.tlog
e:\giscad\giscad2018\inernal\assetmgr\assetmgr\x64\release\assetmgr.tlog\cl.command.1.tlog
e:\giscad\giscad2018\inernal\assetmgr\assetmgr\x64\release\assetmgr.tlog\cl.read.1.tlog
e:\giscad\giscad2018\inernal\assetmgr\assetmgr\x64\release\assetmgr.tlog\cl.write.1.tlog
e:\giscad\giscad2018\inernal\assetmgr\assetmgr\x64\release\assetmgr.tlog\link.command.1.tlog
e:\giscad\giscad2018\inernal\assetmgr\assetmgr\x64\release\assetmgr.tlog\link.read.1.tlog
e:\giscad\giscad2018\inernal\assetmgr\assetmgr\x64\release\assetmgr.tlog\link.write.1.tlog
