d:\my c sharp app\kkmsoft\giscad2016\external\modules\ellipseconnector\x64\release\ellipseconnector.pch
d:\my c sharp app\kkmsoft\giscad2016\external\modules\ellipseconnector\x64\release\vc140.pdb
d:\my c sharp app\kkmsoft\giscad2016\external\modules\ellipseconnector\x64\release\stdafx.obj
d:\my c sharp app\kkmsoft\giscad2016\external\modules\ellipseconnector\x64\release\nsellipseconnector.obj
d:\my c sharp app\kkmsoft\giscad2016\external\modules\ellipseconnector\x64\release\nsdataitem.obj
d:\my c sharp app\kkmsoft\giscad2016\external\modules\ellipseconnector\x64\release\ellipseconnector.obj
d:\my c sharp app\kkmsoft\giscad2016\external\lib\ellipseconnector.lib
d:\my c sharp app\kkmsoft\giscad2016\external\lib\ellipseconnector.exp
d:\my c sharp app\kkmsoft\giscad2016\external\release\ellipseconnector.dll
d:\my c sharp app\kkmsoft\giscad2016\external\modules\ellipseconnector\ellipseconnector.pdb
d:\my c sharp app\kkmsoft\giscad2016\external\modules\ellipseconnector\x64\release\mssoap30.tli
d:\my c sharp app\kkmsoft\giscad2016\external\modules\ellipseconnector\x64\release\msxml6.tli
d:\my c sharp app\kkmsoft\giscad2016\external\modules\ellipseconnector\x64\release\mssoap30.tlh
d:\my c sharp app\kkmsoft\giscad2016\external\modules\ellipseconnector\x64\release\msxml6.tlh
d:\my c sharp app\kkmsoft\giscad2016\external\modules\ellipseconnector\x64\release\ellipseconnector.tlog\cl.command.1.tlog
d:\my c sharp app\kkmsoft\giscad2016\external\modules\ellipseconnector\x64\release\ellipseconnector.tlog\cl.read.1.tlog
d:\my c sharp app\kkmsoft\giscad2016\external\modules\ellipseconnector\x64\release\ellipseconnector.tlog\cl.write.1.tlog
d:\my c sharp app\kkmsoft\giscad2016\external\modules\ellipseconnector\x64\release\ellipseconnector.tlog\ellipseconnector.write.1u.tlog
d:\my c sharp app\kkmsoft\giscad2016\external\modules\ellipseconnector\x64\release\ellipseconnector.tlog\link.command.1.tlog
d:\my c sharp app\kkmsoft\giscad2016\external\modules\ellipseconnector\x64\release\ellipseconnector.tlog\link.read.1.tlog
d:\my c sharp app\kkmsoft\giscad2016\external\modules\ellipseconnector\x64\release\ellipseconnector.tlog\link.write.1.tlog
