e:\giscad\giscad2018\inernal\ellipseconnector_internal\ellipseconnector\x64\release\ellipseconnector.pch
e:\giscad\giscad2018\inernal\ellipseconnector_internal\ellipseconnector\x64\release\vc140.pdb
e:\giscad\giscad2018\inernal\ellipseconnector_internal\ellipseconnector\x64\release\stdafx.obj
e:\giscad\giscad2018\inernal\ellipseconnector_internal\ellipseconnector\x64\release\nsellipseconnector.obj
e:\giscad\giscad2018\inernal\ellipseconnector_internal\ellipseconnector\x64\release\nsdataitem.obj
e:\giscad\giscad2018\inernal\ellipseconnector_internal\ellipseconnector\x64\release\ellipseconnector.obj
e:\giscad\giscad2018\inernal\lib\ellipseconnector_internal.lib
e:\giscad\giscad2018\inernal\lib\ellipseconnector_internal.exp
e:\giscad\giscad2018\inernal\release\ellipseconnector_internal.dll
e:\giscad\giscad2018\inernal\ellipseconnector_internal\ellipseconnector\x64\release\ellipseconnector.pdb
e:\giscad\giscad2018\inernal\ellipseconnector_internal\ellipseconnector\x64\release\mssoap30.tli
e:\giscad\giscad2018\inernal\ellipseconnector_internal\ellipseconnector\x64\release\msxml6.tli
e:\giscad\giscad2018\inernal\ellipseconnector_internal\ellipseconnector\x64\release\mssoap30.tlh
e:\giscad\giscad2018\inernal\ellipseconnector_internal\ellipseconnector\x64\release\msxml6.tlh
e:\giscad\giscad2018\inernal\ellipseconnector_internal\ellipseconnector\x64\release\ellipseconnector.tlog\cl.command.1.tlog
e:\giscad\giscad2018\inernal\ellipseconnector_internal\ellipseconnector\x64\release\ellipseconnector.tlog\cl.read.1.tlog
e:\giscad\giscad2018\inernal\ellipseconnector_internal\ellipseconnector\x64\release\ellipseconnector.tlog\cl.write.1.tlog
e:\giscad\giscad2018\inernal\ellipseconnector_internal\ellipseconnector\x64\release\ellipseconnector.tlog\ellipseconnector.write.1u.tlog
e:\giscad\giscad2018\inernal\ellipseconnector_internal\ellipseconnector\x64\release\ellipseconnector.tlog\link.command.1.tlog
e:\giscad\giscad2018\inernal\ellipseconnector_internal\ellipseconnector\x64\release\ellipseconnector.tlog\link.read.1.tlog
e:\giscad\giscad2018\inernal\ellipseconnector_internal\ellipseconnector\x64\release\ellipseconnector.tlog\link.write.1.tlog
