d:\my c sharp app\kkmsoft\giscad2016\inernal\utils_internal\utils\x64\release\utils.pch
d:\my c sharp app\kkmsoft\giscad2016\inernal\utils_internal\utils\x64\release\vc140.pdb
d:\my c sharp app\kkmsoft\giscad2016\inernal\utils_internal\utils\x64\release\stdafx.obj
d:\my c sharp app\kkmsoft\giscad2016\inernal\utils_internal\utils\x64\release\utils.obj
d:\my c sharp app\kkmsoft\giscad2016\inernal\utils_internal\utils\x64\release\nsvalidator.obj
d:\my c sharp app\kkmsoft\giscad2016\inernal\utils_internal\utils\x64\release\nstextlogger.obj
d:\my c sharp app\kkmsoft\giscad2016\inernal\utils_internal\utils\x64\release\nsreportwriter.obj
d:\my c sharp app\kkmsoft\giscad2016\inernal\utils_internal\utils\x64\release\nsreportlogger.obj
d:\my c sharp app\kkmsoft\giscad2016\inernal\utils_internal\utils\x64\release\nslogger.obj
d:\my c sharp app\kkmsoft\giscad2016\inernal\utils_internal\utils\x64\release\nslogcollection.obj
d:\my c sharp app\kkmsoft\giscad2016\inernal\utils_internal\utils\x64\release\nshtmllogger.obj
d:\my c sharp app\kkmsoft\giscad2016\inernal\utils_internal\utils\x64\release\nsdatabasemgr.obj
d:\my c sharp app\kkmsoft\giscad2016\inernal\utils_internal\utils\x64\release\nsconfigfilemgr.obj
d:\my c sharp app\kkmsoft\giscad2016\inernal\release\utils_internal.dll
d:\my c sharp app\kkmsoft\giscad2016\inernal\utils_internal\utils\x64\release\utils.pdb
d:\my c sharp app\kkmsoft\giscad2016\inernal\lib\utils_internal.lib
d:\my c sharp app\kkmsoft\giscad2016\inernal\lib\utils_internal.exp
d:\my c sharp app\kkmsoft\giscad2016\inernal\utils_internal\utils\x64\release\msado15.tli
d:\my c sharp app\kkmsoft\giscad2016\inernal\utils_internal\utils\x64\release\msado15.tlh
d:\my c sharp app\kkmsoft\giscad2016\inernal\utils_internal\utils\x64\release\utils.tlog\cl.command.1.tlog
d:\my c sharp app\kkmsoft\giscad2016\inernal\utils_internal\utils\x64\release\utils.tlog\cl.read.1.tlog
d:\my c sharp app\kkmsoft\giscad2016\inernal\utils_internal\utils\x64\release\utils.tlog\cl.write.1.tlog
d:\my c sharp app\kkmsoft\giscad2016\inernal\utils_internal\utils\x64\release\utils.tlog\link.command.1.tlog
d:\my c sharp app\kkmsoft\giscad2016\inernal\utils_internal\utils\x64\release\utils.tlog\link.read.1.tlog
d:\my c sharp app\kkmsoft\giscad2016\inernal\utils_internal\utils\x64\release\utils.tlog\link.write.1.tlog
d:\my c sharp app\kkmsoft\giscad2016\inernal\utils_internal\utils\x64\release\utils.tlog\utils.write.1u.tlog
