d:\my c sharp app\kkmsoft\giscad2016\inernal\libd\assetnumberingutilityd.lib
d:\my c sharp app\kkmsoft\giscad2016\inernal\libd\assetnumberingutilityd.exp
d:\my c sharp app\kkmsoft\giscad2016\inernal\assetnumberingutility\assetnumberingutility\x64\debug\vc140.pdb
d:\my c sharp app\kkmsoft\giscad2016\inernal\assetnumberingutility\assetnumberingutility\x64\debug\vc140.idb
d:\my c sharp app\kkmsoft\giscad2016\inernal\assetnumberingutility\assetnumberingutility\x64\debug\acrxentrypoint.obj
d:\my c sharp app\kkmsoft\giscad2016\inernal\assetnumberingutility\assetnumberingutility\x64\debug\assetnumberingutility.obj
d:\my c sharp app\kkmsoft\giscad2016\inernal\assetnumberingutility\assetnumberingutility\x64\debug\assetnumberingutilitydlg.obj
d:\my c sharp app\kkmsoft\giscad2016\inernal\assetnumberingutility\assetnumberingutility\x64\debug\docdata.obj
d:\my c sharp app\kkmsoft\giscad2016\inernal\assetnumberingutility\assetnumberingutility\x64\debug\enddialog.obj
d:\my c sharp app\kkmsoft\giscad2016\inernal\assetnumberingutility\assetnumberingutility\x64\debug\stdafx.obj
d:\my c sharp app\kkmsoft\giscad2016\inernal\debug\nsassetnumberingutility2010.ilk
d:\my c sharp app\kkmsoft\giscad2016\inernal\debug\nsassetnumberingutility2010.arx
d:\my c sharp app\kkmsoft\giscad2016\inernal\assetnumberingutility\assetnumberingutility\x64\debug\assetnumberingutilityd.pdb
d:\my c sharp app\kkmsoft\giscad2016\inernal\assetnumberingutility\assetnumberingutility\x64\debug\assetnumberingutility.res
d:\my c sharp app\kkmsoft\giscad2016\inernal\assetnumberingutility\assetnumberingutility\x64\debug\mssoap30.tli
d:\my c sharp app\kkmsoft\giscad2016\inernal\assetnumberingutility\assetnumberingutility\x64\debug\msxml6.tli
d:\my c sharp app\kkmsoft\giscad2016\inernal\assetnumberingutility\assetnumberingutility\x64\debug\acax22enu.tlh
d:\my c sharp app\kkmsoft\giscad2016\inernal\assetnumberingutility\assetnumberingutility\x64\debug\mssoap30.tlh
d:\my c sharp app\kkmsoft\giscad2016\inernal\assetnumberingutility\assetnumberingutility\x64\debug\msxml6.tlh
d:\my c sharp app\kkmsoft\giscad2016\inernal\assetnumberingutility\assetnumberingutility\x64\debug\assetnum.599c4286.tlog\assetnumberingutility.write.1u.tlog
d:\my c sharp app\kkmsoft\giscad2016\inernal\assetnumberingutility\assetnumberingutility\x64\debug\assetnum.599c4286.tlog\cl.command.1.tlog
d:\my c sharp app\kkmsoft\giscad2016\inernal\assetnumberingutility\assetnumberingutility\x64\debug\assetnum.599c4286.tlog\cl.read.1.tlog
d:\my c sharp app\kkmsoft\giscad2016\inernal\assetnumberingutility\assetnumberingutility\x64\debug\assetnum.599c4286.tlog\cl.write.1.tlog
d:\my c sharp app\kkmsoft\giscad2016\inernal\assetnumberingutility\assetnumberingutility\x64\debug\assetnum.599c4286.tlog\link.command.1.tlog
d:\my c sharp app\kkmsoft\giscad2016\inernal\assetnumberingutility\assetnumberingutility\x64\debug\assetnum.599c4286.tlog\link.read.1.tlog
d:\my c sharp app\kkmsoft\giscad2016\inernal\assetnumberingutility\assetnumberingutility\x64\debug\assetnum.599c4286.tlog\link.write.1.tlog
d:\my c sharp app\kkmsoft\giscad2016\inernal\assetnumberingutility\assetnumberingutility\x64\debug\assetnum.599c4286.tlog\rc.command.1.tlog
d:\my c sharp app\kkmsoft\giscad2016\inernal\assetnumberingutility\assetnumberingutility\x64\debug\assetnum.599c4286.tlog\rc.read.1.tlog
d:\my c sharp app\kkmsoft\giscad2016\inernal\assetnumberingutility\assetnumberingutility\x64\debug\assetnum.599c4286.tlog\rc.write.1.tlog
