e:\giscad\giscad2018\inernal\lib\assetnumberingutility.lib
e:\giscad\giscad2018\inernal\lib\assetnumberingutility.exp
e:\giscad\giscad2018\inernal\assetnumberingutility\assetnumberingutility\x64\release\stdafx.obj
e:\giscad\giscad2018\inernal\assetnumberingutility\assetnumberingutility\x64\release\enddialog.obj
e:\giscad\giscad2018\inernal\assetnumberingutility\assetnumberingutility\x64\release\docdata.obj
e:\giscad\giscad2018\inernal\assetnumberingutility\assetnumberingutility\x64\release\assetnumberingutilitydlg.obj
e:\giscad\giscad2018\inernal\assetnumberingutility\assetnumberingutility\x64\release\assetnumberingutility.obj
e:\giscad\giscad2018\inernal\assetnumberingutility\assetnumberingutility\x64\release\acrxentrypoint.obj
e:\giscad\giscad2018\inernal\release\nsassetnumberingutility2010.arx
e:\giscad\giscad2018\inernal\assetnumberingutility\assetnumberingutility\x64\release\assetnumberingutility.res
e:\giscad\giscad2018\inernal\assetnumberingutility\assetnumberingutility\x64\release\mssoap30.tli
e:\giscad\giscad2018\inernal\assetnumberingutility\assetnumberingutility\x64\release\msxml6.tli
e:\giscad\giscad2018\inernal\assetnumberingutility\assetnumberingutility\x64\release\acax22enu.tlh
e:\giscad\giscad2018\inernal\assetnumberingutility\assetnumberingutility\x64\release\mssoap30.tlh
e:\giscad\giscad2018\inernal\assetnumberingutility\assetnumberingutility\x64\release\msxml6.tlh
e:\giscad\giscad2018\inernal\assetnumberingutility\assetnumberingutility\x64\release\assetnum.599c4286.tlog\assetnumberingutility.write.1u.tlog
e:\giscad\giscad2018\inernal\assetnumberingutility\assetnumberingutility\x64\release\assetnum.599c4286.tlog\cl.command.1.tlog
e:\giscad\giscad2018\inernal\assetnumberingutility\assetnumberingutility\x64\release\assetnum.599c4286.tlog\cl.read.1.tlog
e:\giscad\giscad2018\inernal\assetnumberingutility\assetnumberingutility\x64\release\assetnum.599c4286.tlog\cl.write.1.tlog
e:\giscad\giscad2018\inernal\assetnumberingutility\assetnumberingutility\x64\release\assetnum.599c4286.tlog\link.command.1.tlog
e:\giscad\giscad2018\inernal\assetnumberingutility\assetnumberingutility\x64\release\assetnum.599c4286.tlog\link.read.1.tlog
e:\giscad\giscad2018\inernal\assetnumberingutility\assetnumberingutility\x64\release\assetnum.599c4286.tlog\link.write.1.tlog
e:\giscad\giscad2018\inernal\assetnumberingutility\assetnumberingutility\x64\release\assetnum.599c4286.tlog\rc.command.1.tlog
e:\giscad\giscad2018\inernal\assetnumberingutility\assetnumberingutility\x64\release\assetnum.599c4286.tlog\rc.read.1.tlog
e:\giscad\giscad2018\inernal\assetnumberingutility\assetnumberingutility\x64\release\assetnum.599c4286.tlog\rc.write.1.tlog
