e:\giscad\giscad2018\external\modules\giscadloader\release\giscadloader.pch
e:\giscad\giscad2018\external\modules\giscadloader\release\vc140.pdb
e:\giscad\giscad2018\external\modules\giscadloader\release\stdafx.obj
e:\giscad\giscad2018\external\modules\giscadloader\release\nstabpagessl.obj
e:\giscad\giscad2018\external\modules\giscadloader\release\nstabctrlssl.obj
e:\giscad\giscad2018\external\modules\giscadloader\release\nsreportdlg.obj
e:\giscad\giscad2018\external\modules\giscadloader\release\nsloaderdlg.obj
e:\giscad\giscad2018\external\modules\giscadloader\release\nsinputdlg.obj
e:\giscad\giscad2018\external\modules\giscadloader\release\nshyperedit3.obj
e:\giscad\giscad2018\external\modules\giscadloader\release\nshyperedit2.obj
e:\giscad\giscad2018\external\modules\giscadloader\release\nshyperedit.obj
e:\giscad\giscad2018\external\modules\giscadloader\release\giscadloaderdlg.obj
e:\giscad\giscad2018\external\modules\giscadloader\release\giscadloader.obj
e:\giscad\giscad2018\external\modules\giscadloader\release\giscadconvertordlg.obj
e:\giscad\giscad2018\external\release\giscadloader.lib
e:\giscad\giscad2018\external\release\giscadloader.exp
e:\giscad\giscad2018\external\release\giscadloader.exe
e:\giscad\giscad2018\external\release\giscadloader.ipdb
e:\giscad\giscad2018\external\release\giscadloader.iobj
e:\giscad\giscad2018\external\release\giscadloader.pdb
e:\giscad\giscad2018\external\modules\giscadloader\release\giscadloader.res
e:\giscad\giscad2018\external\modules\giscadloader\release\giscadloader.tlog\cl.command.1.tlog
e:\giscad\giscad2018\external\modules\giscadloader\release\giscadloader.tlog\cl.read.1.tlog
e:\giscad\giscad2018\external\modules\giscadloader\release\giscadloader.tlog\cl.write.1.tlog
e:\giscad\giscad2018\external\modules\giscadloader\release\giscadloader.tlog\giscadloader.write.1u.tlog
e:\giscad\giscad2018\external\modules\giscadloader\release\giscadloader.tlog\link.command.1.tlog
e:\giscad\giscad2018\external\modules\giscadloader\release\giscadloader.tlog\link.read.1.tlog
e:\giscad\giscad2018\external\modules\giscadloader\release\giscadloader.tlog\link.write.1.tlog
e:\giscad\giscad2018\external\modules\giscadloader\release\giscadloader.tlog\rc.command.1.tlog
e:\giscad\giscad2018\external\modules\giscadloader\release\giscadloader.tlog\rc.read.1.tlog
e:\giscad\giscad2018\external\modules\giscadloader\release\giscadloader.tlog\rc.write.1.tlog
