  stdafx.cpp
  NSConfigFileMgr.cpp
NSConfigFileMgr.cpp(506): warning C4267: 'initializing': conversion from 'size_t' to 'int', possible loss of data
NSConfigFileMgr.cpp(514): warning C4244: 'initializing': conversion from 'std::streamoff' to 'long', possible loss of data
NSConfigFileMgr.cpp(516): warning C4101: 'sizeLineBuffer': unreferenced local variable
  NSDatabaseMgr.cpp
e:\giscad\giscad2018\inernal\utils_internal\utils\NSDatabaseMgr.h(34): warning C4251: 'CNSDatabaseMgr::m_pConn': class '_com_ptr_t<_com_IIID<_Connection,_GUID_00001550_0000_0010_8000_00aa006d2ea4>>' needs to have dll-interface to be used by clients of class 'CNSDatabaseMgr'
  e:\giscad\giscad2018\inernal\utils_internal\utils\x64\release\msado15.tlh(242): note: see declaration of '_com_ptr_t<_com_IIID<_Connection,_GUID_00001550_0000_0010_8000_00aa006d2ea4>>'
e:\giscad\giscad2018\inernal\utils_internal\utils\NSDatabaseMgr.h(35): warning C4251: 'CNSDatabaseMgr::m_pRecSet': class '_com_ptr_t<_com_IIID<_Recordset,_GUID_00001556_0000_0010_8000_00aa006d2ea4>>' needs to have dll-interface to be used by clients of class 'CNSDatabaseMgr'
  e:\giscad\giscad2018\inernal\utils_internal\utils\x64\release\msado15.tlh(246): note: see declaration of '_com_ptr_t<_com_IIID<_Recordset,_GUID_00001556_0000_0010_8000_00aa006d2ea4>>'
  NSHTMLLogger.cpp
e:\giscad\giscad2018\inernal\utils_internal\utils\NSDatabaseMgr.h(34): warning C4251: 'CNSDatabaseMgr::m_pConn': class '_com_ptr_t<_com_IIID<_Connection,_GUID_00001550_0000_0010_8000_00aa006d2ea4>>' needs to have dll-interface to be used by clients of class 'CNSDatabaseMgr'
  e:\giscad\giscad2018\inernal\utils_internal\utils\x64\release\msado15.tlh(242): note: see declaration of '_com_ptr_t<_com_IIID<_Connection,_GUID_00001550_0000_0010_8000_00aa006d2ea4>>'
e:\giscad\giscad2018\inernal\utils_internal\utils\NSDatabaseMgr.h(35): warning C4251: 'CNSDatabaseMgr::m_pRecSet': class '_com_ptr_t<_com_IIID<_Recordset,_GUID_00001556_0000_0010_8000_00aa006d2ea4>>' needs to have dll-interface to be used by clients of class 'CNSDatabaseMgr'
  e:\giscad\giscad2018\inernal\utils_internal\utils\x64\release\msado15.tlh(246): note: see declaration of '_com_ptr_t<_com_IIID<_Recordset,_GUID_00001556_0000_0010_8000_00aa006d2ea4>>'
NSHTMLLogger.cpp(634): warning C4101: 'szFormat': unreferenced local variable
  NSLogCollection.cpp
  NSLogger.cpp
NSLogger.cpp(249): warning C4267: '=': conversion from 'size_t' to 'int', possible loss of data
NSLogger.cpp(252): warning C4267: '=': conversion from 'size_t' to 'int', possible loss of data
NSLogger.cpp(264): warning C4267: '=': conversion from 'size_t' to 'int', possible loss of data
NSLogger.cpp(267): warning C4267: '=': conversion from 'size_t' to 'int', possible loss of data
NSLogger.cpp(322): warning C4267: '=': conversion from 'size_t' to 'int', possible loss of data
NSLogger.cpp(325): warning C4267: '=': conversion from 'size_t' to 'int', possible loss of data
NSLogger.cpp(337): warning C4267: '=': conversion from 'size_t' to 'int', possible loss of data
NSLogger.cpp(340): warning C4267: '=': conversion from 'size_t' to 'int', possible loss of data
  NSReportLogger.cpp
  NSReportWriter.cpp
  NSTextLogger.cpp
NSTextLogger.cpp(64): warning C4477: 'fwprintf' : format string '%d' requires an argument of type 'int', but variadic argument 1 has type 'std::size_t'
  NSTextLogger.cpp(64): note: consider using '%zd' in the format string
NSTextLogger.cpp(68): warning C4477: 'fwprintf' : format string '%d' requires an argument of type 'int', but variadic argument 1 has type 'std::size_t'
  NSTextLogger.cpp(68): note: consider using '%zd' in the format string
  NSValidator.cpp
NSValidator.cpp(265): warning C4800: 'BOOL': forcing value to bool 'true' or 'false' (performance warning)
  Utils.cpp
  Generating Code...
e:\giscad\giscad2018\inernal\utils_internal\utils\nshtmllogger.cpp(252): warning C4715: 'CNSHTMLLogger::writeReport': not all control paths return a value
C:\Program Files (x86)\MSBuild\Microsoft.Cpp\v4.0\V140\Microsoft.CppBuild.targets(1189,5): warning MSB8012: TargetPath(E:\GISCAD\Giscad2018\Inernal\Utils_Internal\Utils\x64\Release\Utils.dll) does not match the Linker's OutputFile property value (E:\GISCAD\Giscad2018\Inernal\Release\Utils_Internal.dll). This may cause your project to build incorrectly. To correct this, please make sure that $(OutDir), $(TargetName) and $(TargetExt) property values match the value specified in %(Link.OutputFile).
C:\Program Files (x86)\MSBuild\Microsoft.Cpp\v4.0\V140\Microsoft.CppBuild.targets(1191,5): warning MSB8012: TargetName(Utils) does not match the Linker's OutputFile property value (Utils_Internal). This may cause your project to build incorrectly. To correct this, please make sure that $(OutDir), $(TargetName) and $(TargetExt) property values match the value specified in %(Link.OutputFile).
     Creating library ..\..\Lib/Utils_Internal.lib and object ..\..\Lib/Utils_Internal.exp
  Utils.vcxproj -> E:\GISCAD\Giscad2018\Inernal\Utils_Internal\Utils\x64\Release\Utils.dll
  Utils.vcxproj -> x64\Release\Utils.pdb (Full PDB)
