e:\giscad\giscad2018\inernal\utils_internal\utils\x64\release\utils.pch
e:\giscad\giscad2018\inernal\utils_internal\utils\x64\release\vc140.pdb
e:\giscad\giscad2018\inernal\utils_internal\utils\x64\release\stdafx.obj
e:\giscad\giscad2018\inernal\utils_internal\utils\x64\release\utils.obj
e:\giscad\giscad2018\inernal\utils_internal\utils\x64\release\nsvalidator.obj
e:\giscad\giscad2018\inernal\utils_internal\utils\x64\release\nstextlogger.obj
e:\giscad\giscad2018\inernal\utils_internal\utils\x64\release\nsreportwriter.obj
e:\giscad\giscad2018\inernal\utils_internal\utils\x64\release\nsreportlogger.obj
e:\giscad\giscad2018\inernal\utils_internal\utils\x64\release\nslogger.obj
e:\giscad\giscad2018\inernal\utils_internal\utils\x64\release\nslogcollection.obj
e:\giscad\giscad2018\inernal\utils_internal\utils\x64\release\nshtmllogger.obj
e:\giscad\giscad2018\inernal\utils_internal\utils\x64\release\nsdatabasemgr.obj
e:\giscad\giscad2018\inernal\utils_internal\utils\x64\release\nsconfigfilemgr.obj
e:\giscad\giscad2018\inernal\release\utils_internal.dll
e:\giscad\giscad2018\inernal\utils_internal\utils\x64\release\utils.pdb
e:\giscad\giscad2018\inernal\lib\utils_internal.lib
e:\giscad\giscad2018\inernal\lib\utils_internal.exp
e:\giscad\giscad2018\inernal\utils_internal\utils\x64\release\msado15.tli
e:\giscad\giscad2018\inernal\utils_internal\utils\x64\release\msado15.tlh
e:\giscad\giscad2018\inernal\utils_internal\utils\x64\release\utils.tlog\cl.command.1.tlog
e:\giscad\giscad2018\inernal\utils_internal\utils\x64\release\utils.tlog\cl.read.1.tlog
e:\giscad\giscad2018\inernal\utils_internal\utils\x64\release\utils.tlog\cl.write.1.tlog
e:\giscad\giscad2018\inernal\utils_internal\utils\x64\release\utils.tlog\link.command.1.tlog
e:\giscad\giscad2018\inernal\utils_internal\utils\x64\release\utils.tlog\link.read.1.tlog
e:\giscad\giscad2018\inernal\utils_internal\utils\x64\release\utils.tlog\link.write.1.tlog
e:\giscad\giscad2018\inernal\utils_internal\utils\x64\release\utils.tlog\utils.write.1u.tlog
