--------------
Mon Nov 02 18:14:35 2015
Unable to load AcDb resource file.
--------------
Mon Nov 02 18:15:12 2015
Unable to load AcDb resource file.
--------------
Mon Nov 02 18:20:24 2015
Unable to load AcDb resource file.
--------------
Mon Nov 02 18:27:49 2015
Unable to load AcDb resource file.
--------------
Mon Nov 02 18:29:22 2015
Unable to load AcDb resource file.
--------------
Mon Nov 02 18:35:59 2015
Unable to load AcDb resource file.
--------------
Mon Nov 02 18:57:49 2015
Unable to load AcDb resource file.
--------------
Mon Nov 02 19:00:44 2015
Unable to load AcDb resource file.
--------------
Mon Nov 02 19:03:28 2015
Unable to load AcDb resource file.
--------------
Tue Nov 03 13:14:06 2015
!Attempt to register class 'AecDbEntityDynamicUCSPE' twice.
--------------
Tue Nov 03 13:16:38 2015
!Attempt to register class 'AecDbEntityDynamicUCSPE' twice.
--------------
Tue Nov 03 13:18:23 2015
!Attempt to register class 'AecDbEntityDynamicUCSPE' twice.
--------------
Tue Nov 03 13:18:23 2015
!Attempt to register class 'AecCompSpec' twice.
--------------
Tue Nov 03 13:18:23 2015
!Attempt to register class 'AecCompSpec' twice.
--------------
Tue Nov 03 13:18:23 2015
!Attempt to register class 'AecCompSpec' twice.
--------------
Tue Nov 03 13:18:24 2015
!Attempt to register class 'AecCompSpec' twice.
--------------
Tue Nov 03 13:18:24 2015
!Attempt to register class 'AecCompSpec' twice.
--------------
Tue Nov 03 13:18:24 2015
!Attempt to register class 'AecCompSpec' twice.
--------------
Tue Nov 03 13:18:24 2015
!Attempt to register class 'AecCompSpec' twice.
--------------
Tue Nov 03 13:18:24 2015
!Attempt to register class 'AecCompSpec' twice.
--------------
Tue Nov 03 13:18:24 2015
!Attempt to register class 'AecCompSpec' twice.
--------------
Tue Nov 03 13:18:24 2015
!Attempt to register class 'AecCompSpec' twice.
--------------
Tue Nov 03 13:18:24 2015
!Attempt to register class 'AecCompSpec' twice.
--------------
Tue Nov 03 13:18:24 2015
!Attempt to register class 'AecCompSpec' twice.
--------------
Tue Nov 03 13:18:24 2015
!Attempt to register class 'AecCompSpec' twice.
--------------
Tue Nov 03 13:18:24 2015
!Attempt to register class 'AecCompSpec' twice.
--------------
Tue Nov 03 13:18:24 2015
!Attempt to register class 'AecCompSpec' twice.
--------------
Tue Nov 03 13:18:24 2015
!Attempt to register class 'AecCompSpec' twice.
--------------
Tue Nov 03 13:18:24 2015
!Attempt to register class 'AecCompSpec' twice.
--------------
Tue Nov 03 13:18:24 2015
!Attempt to register class 'AecCompSpec' twice.
--------------
Tue Nov 03 13:18:24 2015
!Attempt to register class 'AecCompSpec' twice.
--------------
Tue Nov 03 13:18:24 2015
!Attempt to register class 'AecCompSpec' twice.
--------------
Tue Nov 03 13:18:24 2015
!Attempt to register class 'AecCompSpec' twice.
--------------
Tue Nov 03 13:18:25 2015
!Attempt to register class 'AecCompSpec' twice.
--------------
Tue Nov 03 13:18:25 2015
!Attempt to register class 'AecCompSpec' twice.
--------------
Tue Nov 03 13:18:25 2015
!Attempt to register class 'AecCompSpec' twice.
--------------
Tue Nov 03 13:18:25 2015
!Attempt to register class 'AecCompSpec' twice.
--------------
Tue Nov 03 13:18:25 2015
!Attempt to register class 'AecCompSpec' twice.
--------------
Tue Nov 03 13:18:25 2015
!Attempt to register class 'AecCompSpec' twice.
--------------
Tue Nov 03 13:18:25 2015
!Attempt to register class 'AecCompSpec' twice.
--------------
Tue Nov 03 13:18:25 2015
!Attempt to register class 'AecCompSpec' twice.
--------------
Tue Nov 03 13:18:25 2015
!Attempt to register class 'AecCompSpec' twice.
--------------
Tue Nov 03 13:18:25 2015
!Attempt to register class 'AecCompSpec' twice.
--------------
Tue Nov 03 13:18:25 2015
!Attempt to register class 'AecCompSpec' twice.
--------------
Tue Nov 03 13:18:25 2015
!Attempt to register class 'AecCompSpec' twice.
--------------
Tue Nov 03 13:18:25 2015
!Attempt to register class 'AecCompSpec' twice.
--------------
Tue Nov 03 13:18:25 2015
!Attempt to register class 'AecCompSpec' twice.
--------------
Tue Nov 03 13:18:25 2015
!Attempt to register class 'AecCompSpec' twice.
--------------
Tue Nov 03 13:18:25 2015
!Attempt to register class 'AecCompSpec' twice.
--------------
Tue Nov 03 13:18:25 2015
!Attempt to register class 'AecCompSpec' twice.
--------------
Tue Nov 03 13:18:25 2015
!Attempt to register class 'AecCompSpec' twice.
--------------
Tue Nov 03 13:18:25 2015
!Attempt to register class 'AecCompSpec' twice.
--------------
Tue Nov 03 13:18:26 2015
!Attempt to register class 'AecCompSpec' twice.
--------------
Tue Nov 03 13:18:26 2015
!Attempt to register class 'AecCompSpec' twice.
--------------
Tue Nov 03 13:18:26 2015
!Attempt to register class 'AecCompSpec' twice.
--------------
Tue Nov 03 13:18:26 2015
!Attempt to register class 'AecCompSpec' twice.
--------------
Tue Nov 03 13:18:26 2015
!Attempt to register class 'AecCompSpec' twice.
--------------
Tue Nov 03 13:18:26 2015
!Attempt to register class 'AecCompSpec' twice.
--------------
Tue Nov 03 13:18:26 2015
!Attempt to register class 'AecCompSpec' twice.
--------------
Tue Nov 03 13:18:26 2015
!Attempt to register class 'AecCompSpec' twice.
--------------
Tue Nov 03 13:18:26 2015
!Attempt to register class 'AecCompSpec' twice.
--------------
Tue Nov 03 13:18:26 2015
!Attempt to register class 'AecCompSpec' twice.
--------------
Tue Nov 03 13:18:26 2015
!Attempt to register class 'AecCompSpec' twice.
--------------
Tue Nov 03 13:18:26 2015
!Attempt to register class 'AecCompSpec' twice.
--------------
Tue Nov 03 13:18:26 2015
!Attempt to register class 'AecCompSpec' twice.
--------------
Tue Nov 03 13:18:26 2015
!Attempt to register class 'AecCompSpec' twice.
--------------
Tue Nov 03 13:18:26 2015
!Attempt to register class 'AecCompSpec' twice.
--------------
Tue Nov 03 13:18:26 2015
!Attempt to register class 'AecCompSpec' twice.
--------------
Tue Nov 03 13:18:26 2015
!Attempt to register class 'AecCompSpec' twice.
--------------
Tue Nov 03 13:18:26 2015
!Attempt to register class 'AecCompSpec' twice.
--------------
Tue Nov 03 13:18:27 2015
!Attempt to register class 'AecCompSpec' twice.
--------------
Tue Nov 03 13:18:27 2015
!Attempt to register class 'AecCompSpec' twice.
--------------
Tue Nov 03 13:18:27 2015
!Attempt to register class 'AecCompSpec' twice.
--------------
Tue Nov 03 13:18:27 2015
!Attempt to register class 'AecCompSpec' twice.
--------------
Tue Nov 03 13:18:27 2015
!Attempt to register class 'AecCompSpec' twice.
--------------
Tue Nov 03 13:18:27 2015
!Attempt to register class 'AecCompSpec' twice.
--------------
Tue Nov 03 13:18:27 2015
!Attempt to register class 'AecCompSpec' twice.
--------------
Tue Nov 03 13:18:27 2015
!Attempt to register class 'AecCompSpec' twice.
--------------
Tue Nov 03 13:18:27 2015
!Attempt to register class 'AecCompSpec' twice.
--------------
Tue Nov 03 13:18:27 2015
!Attempt to register class 'AecCompSpec' twice.
--------------
Tue Nov 03 13:18:27 2015
!Attempt to register class 'AecCompSpec' twice.
--------------
Tue Nov 03 13:18:27 2015
!Attempt to register class 'AecCompSpec' twice.
--------------
Tue Nov 03 13:18:27 2015
!Attempt to register class 'AecCompSpec' twice.
--------------
Tue Nov 03 13:18:27 2015
!Attempt to register class 'AecCompSpec' twice.
--------------
Tue Nov 03 13:18:27 2015
!Attempt to register class 'AecCompSpec' twice.
--------------
Tue Nov 03 13:18:27 2015
!Attempt to register class 'AecCompSpec' twice.
--------------
Tue Nov 03 13:18:27 2015
!Attempt to register class 'AecCompSpec' twice.
--------------
Tue Nov 03 13:18:27 2015
!Attempt to register class 'AecCompSpec' twice.
--------------
Tue Nov 03 13:18:28 2015
!Attempt to register class 'AecCompSpec' twice.
--------------
Tue Nov 03 13:18:28 2015
!Attempt to register class 'AecCompSpec' twice.
--------------
Tue Nov 03 13:18:28 2015
!Attempt to register class 'AecCompSpec' twice.
--------------
Tue Nov 03 13:18:28 2015
!Attempt to register class 'AecCompSpec' twice.
--------------
Tue Nov 03 13:18:28 2015
!Attempt to register class 'AecCompSpec' twice.
--------------
Tue Nov 03 13:18:28 2015
!Attempt to register class 'AecCompSpec' twice.
--------------
Tue Nov 03 13:18:28 2015
!Attempt to register class 'AecCompSpec' twice.
--------------
Tue Nov 03 13:18:28 2015
!Attempt to register class 'AecCompSpec' twice.
--------------
Tue Nov 03 13:18:28 2015
!Attempt to register class 'AecCompSpec' twice.
--------------
Tue Nov 03 13:18:28 2015
!Attempt to register class 'AecCompSpec' twice.
--------------
Tue Nov 03 13:18:28 2015
!Attempt to register class 'AecCompSpec' twice.
--------------
Tue Nov 03 13:18:28 2015
!Attempt to register class 'AecCompSpec' twice.
--------------
Tue Nov 03 13:18:28 2015
!Attempt to register class 'AecCompSpec' twice.
--------------
Tue Nov 03 13:18:28 2015
!Attempt to register class 'AecCompSpec' twice.
--------------
Tue Nov 03 13:18:28 2015
!Attempt to register class 'AecCompSpec' twice.
--------------
Tue Nov 03 13:18:28 2015
!Attempt to register class 'AecCompSpec' twice.
--------------
Tue Nov 03 13:18:28 2015
!Attempt to register class 'AecCompSpec' twice.
--------------
Tue Nov 03 13:18:28 2015
!Attempt to register class 'AecCompSpec' twice.
--------------
Tue Nov 03 13:18:28 2015
!Attempt to register class 'AecCompSpec' twice.
--------------
Tue Nov 03 13:18:29 2015
!Attempt to register class 'AecCompSpec' twice.
--------------
Tue Nov 03 13:18:29 2015
!Attempt to register class 'AecCompSpec' twice.
--------------
Tue Nov 03 13:18:29 2015
!Attempt to register class 'AecCompSpec' twice.
--------------
Tue Nov 03 13:18:29 2015
!Attempt to register class 'AecCompSpec' twice.
--------------
Tue Nov 03 13:18:29 2015
!Attempt to register class 'AecCompSpec' twice.
--------------
Tue Nov 03 13:18:29 2015
!Attempt to register class 'AecCompSpec' twice.
--------------
Tue Nov 03 13:18:29 2015
!Attempt to register class 'AecCompSpec' twice.
--------------
Tue Nov 03 13:18:29 2015
!Attempt to register class 'AecCompSpec' twice.
--------------
Tue Nov 03 13:18:29 2015
!Attempt to register class 'AecCompSpec' twice.
--------------
Tue Nov 03 13:18:29 2015
!Attempt to register class 'AecCompSpec' twice.
--------------
Tue Nov 03 13:18:29 2015
!Attempt to register class 'AecCompSpec' twice.
--------------
Tue Nov 03 13:18:29 2015
!Attempt to register class 'AecCompSpec' twice.
--------------
Tue Nov 03 13:18:29 2015
!Attempt to register class 'AecCompSpec' twice.
--------------
Tue Nov 03 13:18:29 2015
!Attempt to register class 'AecCompSpec' twice.
--------------
Tue Nov 03 13:18:29 2015
!Attempt to register class 'AecCompSpec' twice.
--------------
Tue Nov 03 13:18:29 2015
!Attempt to register class 'AecCompSpec' twice.
--------------
Tue Nov 03 13:18:29 2015
!Attempt to register class 'AecCompSpec' twice.
--------------
Tue Nov 03 13:18:29 2015
!Attempt to register class 'AecCompSpec' twice.
--------------
Tue Nov 03 13:18:30 2015
!Attempt to register class 'AecCompSpec' twice.
--------------
Tue Nov 03 13:18:30 2015
!Attempt to register class 'AecCompSpec' twice.
--------------
Tue Nov 03 13:18:30 2015
!Attempt to register class 'AecCompSpec' twice.
--------------
Tue Nov 03 13:18:30 2015
!Attempt to register class 'AecCompSpec' twice.
--------------
Tue Nov 03 13:18:30 2015
!Attempt to register class 'AecCompSpec' twice.
--------------
Tue Nov 03 13:18:30 2015
!Attempt to register class 'AecCompSpec' twice.
--------------
Tue Nov 03 13:18:30 2015
!Attempt to register class 'AecCompSpec' twice.
--------------
Tue Nov 03 13:18:30 2015
!Attempt to register class 'AecCompSpec' twice.
--------------
Tue Nov 03 13:18:30 2015
!Attempt to register class 'AecCompSpec' twice.
--------------
Tue Nov 03 13:18:30 2015
!Attempt to register class 'AecCompSpec' twice.
--------------
Tue Nov 03 13:18:30 2015
!Attempt to register class 'AecCompSpec' twice.
--------------
Tue Nov 03 13:18:30 2015
!Attempt to register class 'AecCompSpec' twice.
--------------
Tue Nov 03 13:18:30 2015
!Attempt to register class 'AecCompSpec' twice.
--------------
Tue Nov 03 13:18:30 2015
!Attempt to register class 'AecCompSpec' twice.
--------------
Tue Nov 03 13:18:30 2015
!Attempt to register class 'AecCompSpec' twice.
--------------
Tue Nov 03 13:18:30 2015
!Attempt to register class 'AecCompSpec' twice.
--------------
Tue Nov 03 13:18:30 2015
!Attempt to register class 'AecCompSpec' twice.
--------------
Tue Nov 03 13:18:30 2015
!Attempt to register class 'AecCompSpec' twice.
--------------
Tue Nov 03 13:18:31 2015
!Attempt to register class 'AecCompSpec' twice.
--------------
Tue Nov 03 13:18:31 2015
!Attempt to register class 'AecCompSpec' twice.
--------------
Tue Nov 03 13:18:31 2015
!Attempt to register class 'AecCompSpec' twice.
--------------
Tue Nov 03 13:18:31 2015
!Attempt to register class 'AecCompSpec' twice.
--------------
Tue Nov 03 13:18:31 2015
!Attempt to register class 'AecCompSpec' twice.
--------------
Tue Nov 03 13:18:31 2015
!Attempt to register class 'AecCompSpec' twice.
--------------
Tue Nov 03 13:18:31 2015
!Attempt to register class 'AecCompSpec' twice.
--------------
Tue Nov 03 13:18:31 2015
!Attempt to register class 'AecCompSpec' twice.
--------------
Tue Nov 03 13:18:31 2015
!Attempt to register class 'AecCompSpec' twice.
--------------
Tue Nov 03 13:18:31 2015
!Attempt to register class 'AecCompSpec' twice.
--------------
Tue Nov 03 13:18:31 2015
!Attempt to register class 'AecCompSpec' twice.
--------------
Tue Nov 03 13:18:31 2015
!Attempt to register class 'AecCompSpec' twice.
--------------
Tue Nov 03 13:18:31 2015
!Attempt to register class 'AecCompSpec' twice.
--------------
Tue Nov 03 13:18:31 2015
!Attempt to register class 'AecCompSpec' twice.
--------------
Tue Nov 03 13:18:31 2015
!Attempt to register class 'AecCompSpec' twice.
--------------
Tue Nov 03 13:18:31 2015
!Attempt to register class 'AecCompSpec' twice.
--------------
Tue Nov 03 13:18:31 2015
!Attempt to register class 'AecCompSpec' twice.
--------------
Tue Nov 03 13:18:31 2015
!Attempt to register class 'AecCompSpec' twice.
--------------
Tue Nov 03 13:18:32 2015
!Attempt to register class 'AecCompSpec' twice.
--------------
Tue Nov 03 13:18:32 2015
!Attempt to register class 'AecCompSpec' twice.
--------------
Tue Nov 03 13:18:32 2015
!Attempt to register class 'AecCompSpec' twice.
--------------
Tue Nov 03 13:18:32 2015
!Attempt to register class 'AecCompSpec' twice.
--------------
Tue Nov 03 13:18:32 2015
!Attempt to register class 'AecCompSpec' twice.
--------------
Tue Nov 03 13:18:32 2015
!Attempt to register class 'AecCompSpec' twice.
--------------
Tue Nov 03 13:18:32 2015
!Attempt to register class 'AecCompSpec' twice.
--------------
Tue Nov 03 13:18:32 2015
!Attempt to register class 'AecCompSpec' twice.
--------------
Tue Nov 03 13:18:32 2015
!Attempt to register class 'AecCompSpec' twice.
--------------
Tue Nov 03 13:18:32 2015
!Attempt to register class 'AecCompSpec' twice.
--------------
Tue Nov 03 13:18:32 2015
!Attempt to register class 'AecCompSpec' twice.
--------------
Tue Nov 03 13:18:32 2015
!Attempt to register class 'AecCompSpec' twice.
--------------
Tue Nov 03 13:18:32 2015
!Attempt to register class 'AecCompSpec' twice.
--------------
Tue Nov 03 13:18:32 2015
!Attempt to register class 'AecCompSpec' twice.
--------------
Tue Nov 03 13:18:32 2015
!Attempt to register class 'AecCompSpec' twice.
--------------
Tue Nov 03 13:18:32 2015
!Attempt to register class 'AecCompSpec' twice.
--------------
Tue Nov 03 13:18:32 2015
!Attempt to register class 'AecCompSpec' twice.
--------------
Tue Nov 03 13:18:32 2015
!Attempt to register class 'AecCompSpec' twice.
--------------
Tue Nov 03 13:18:32 2015
!Attempt to register class 'AecCompSpec' twice.
--------------
Tue Nov 03 13:18:33 2015
!Attempt to register class 'AecCompSpec' twice.
--------------
Tue Nov 03 13:18:33 2015
!Attempt to register class 'AecCompSpec' twice.
--------------
Tue Nov 03 13:18:33 2015
!Attempt to register class 'AecCompSpec' twice.
--------------
Tue Nov 03 13:18:33 2015
!Attempt to register class 'AecCompSpec' twice.
--------------
Tue Nov 03 13:18:33 2015
!Attempt to register class 'AecCompSpec' twice.
--------------
Tue Nov 03 13:18:33 2015
!Attempt to register class 'AecCompSpec' twice.
--------------
Tue Nov 03 13:18:33 2015
!Attempt to register class 'AecCompSpec' twice.
--------------
Tue Nov 03 13:18:33 2015
!Attempt to register class 'AecCompSpec' twice.
--------------
Tue Nov 03 13:18:33 2015
!Attempt to register class 'AecCompSpec' twice.
--------------
Tue Nov 03 13:18:33 2015
!Attempt to register class 'AecCompSpec' twice.
--------------
Tue Nov 03 13:20:02 2015
!Attempt to register class 'AecCompSpec' twice.
--------------
Tue Nov 03 13:20:02 2015
!Attempt to register class 'AecCompSpec' twice.
--------------
Tue Nov 03 13:20:02 2015
!Attempt to register class 'AecCompSpec' twice.
--------------
Tue Nov 03 13:20:02 2015
!Attempt to register class 'AecCompSpec' twice.
--------------
Tue Nov 03 13:20:02 2015
!Attempt to register class 'AecCompSpec' twice.
--------------
Tue Nov 03 13:20:02 2015
!Attempt to register class 'AecCompSpec' twice.
--------------
Tue Nov 03 13:20:02 2015
!Attempt to register class 'AecCompSpec' twice.
--------------
Tue Nov 03 13:20:02 2015
!Attempt to register class 'AecCompSpec' twice.
--------------
Tue Nov 03 13:20:02 2015
!Attempt to register class 'AecCompSpec' twice.
--------------
Tue Nov 03 13:20:02 2015
!Attempt to register class 'AecCompSpec' twice.
--------------
Tue Nov 03 13:20:02 2015
!Attempt to register class 'AecCompSpec' twice.
--------------
Tue Nov 03 13:20:02 2015
!Attempt to register class 'AecCompSpec' twice.
--------------
Tue Nov 03 13:20:02 2015
!Attempt to register class 'AecCompSpec' twice.
--------------
Tue Nov 03 13:20:02 2015
!Attempt to register class 'AecCompSpec' twice.
--------------
Tue Nov 03 13:20:02 2015
!Attempt to register class 'AecCompSpec' twice.
--------------
Tue Nov 03 13:20:02 2015
!Attempt to register class 'AecCompSpec' twice.
--------------
Tue Nov 03 13:20:03 2015
!Attempt to register class 'AecCompSpec' twice.
--------------
Tue Nov 03 13:20:03 2015
!Attempt to register class 'AecCompSpec' twice.
--------------
Tue Nov 03 13:20:03 2015
!Attempt to register class 'AecCompSpec' twice.
--------------
Tue Nov 03 13:20:03 2015
!Attempt to register class 'AecCompSpec' twice.
--------------
Tue Nov 03 13:20:03 2015
!Attempt to register class 'AecCompSpec' twice.
--------------
Tue Nov 03 13:20:03 2015
!Attempt to register class 'AecCompSpec' twice.
--------------
Tue Nov 03 13:20:03 2015
!Attempt to register class 'AecCompSpec' twice.
--------------
Tue Nov 03 13:20:03 2015
!Attempt to register class 'AecCompSpec' twice.
--------------
Tue Nov 03 13:20:03 2015
!Attempt to register class 'AecCompSpec' twice.
--------------
Tue Nov 03 13:20:03 2015
!Attempt to register class 'AecCompSpec' twice.
--------------
Tue Nov 03 13:20:03 2015
!Attempt to register class 'AecCompSpec' twice.
--------------
Tue Nov 03 13:20:03 2015
!Attempt to register class 'AecCompSpec' twice.
--------------
Tue Nov 03 13:20:03 2015
!Attempt to register class 'AecCompSpec' twice.
--------------
Tue Nov 03 13:20:03 2015
!Attempt to register class 'AecCompSpec' twice.
--------------
Tue Nov 03 13:20:03 2015
!Attempt to register class 'AecCompSpec' twice.
--------------
Tue Nov 03 13:20:03 2015
!Attempt to register class 'AecCompSpec' twice.
--------------
Tue Nov 03 13:20:03 2015
!Attempt to register class 'AecCompSpec' twice.
--------------
Tue Nov 03 13:20:04 2015
!Attempt to register class 'AecCompSpec' twice.
--------------
Tue Nov 03 13:20:04 2015
!Attempt to register class 'AecCompSpec' twice.
--------------
Tue Nov 03 13:20:04 2015
!Attempt to register class 'AecCompSpec' twice.
--------------
Tue Nov 03 13:20:04 2015
!Attempt to register class 'AecCompSpec' twice.
--------------
Tue Nov 03 13:20:04 2015
!Attempt to register class 'AecCompSpec' twice.
--------------
Tue Nov 03 13:20:04 2015
!Attempt to register class 'AecCompSpec' twice.
--------------
Tue Nov 03 13:20:04 2015
!Attempt to register class 'AecCompSpec' twice.
--------------
Tue Nov 03 13:20:04 2015
!Attempt to register class 'AecCompSpec' twice.
--------------
Tue Nov 03 13:20:04 2015
!Attempt to register class 'AecCompSpec' twice.
--------------
Tue Nov 03 13:20:04 2015
!Attempt to register class 'AecCompSpec' twice.
--------------
Tue Nov 03 13:20:04 2015
!Attempt to register class 'AecCompSpec' twice.
--------------
Tue Nov 03 13:20:04 2015
!Attempt to register class 'AecCompSpec' twice.
--------------
Tue Nov 03 13:20:04 2015
!Attempt to register class 'AecCompSpec' twice.
--------------
Tue Nov 03 13:20:04 2015
!Attempt to register class 'AecCompSpec' twice.
--------------
Tue Nov 03 13:20:04 2015
!Attempt to register class 'AecCompSpec' twice.
--------------
Tue Nov 03 13:20:04 2015
!Attempt to register class 'AecCompSpec' twice.
--------------
Tue Nov 03 13:20:04 2015
!Attempt to register class 'AecCompSpec' twice.
--------------
Tue Nov 03 13:20:05 2015
!Attempt to register class 'AecCompSpec' twice.
--------------
Tue Nov 03 13:20:05 2015
!Attempt to register class 'AecCompSpec' twice.
--------------
Tue Nov 03 13:20:05 2015
!Attempt to register class 'AecCompSpec' twice.
--------------
Tue Nov 03 13:20:05 2015
!Attempt to register class 'AecCompSpec' twice.
--------------
Tue Nov 03 13:20:05 2015
!Attempt to register class 'AecCompSpec' twice.
--------------
Tue Nov 03 13:20:05 2015
!Attempt to register class 'AecCompSpec' twice.
--------------
Tue Nov 03 13:20:05 2015
!Attempt to register class 'AecCompSpec' twice.
--------------
Tue Nov 03 13:20:05 2015
!Attempt to register class 'AecCompSpec' twice.
--------------
Tue Nov 03 13:20:05 2015
!Attempt to register class 'AecCompSpec' twice.
--------------
Tue Nov 03 13:20:05 2015
!Attempt to register class 'AecCompSpec' twice.
--------------
Tue Nov 03 13:20:05 2015
!Attempt to register class 'AecCompSpec' twice.
--------------
Tue Nov 03 13:20:05 2015
!Attempt to register class 'AecCompSpec' twice.
--------------
Tue Nov 03 13:20:05 2015
!Attempt to register class 'AecCompSpec' twice.
--------------
Tue Nov 03 13:20:05 2015
!Attempt to register class 'AecCompSpec' twice.
--------------
Tue Nov 03 13:20:05 2015
!Attempt to register class 'AecCompSpec' twice.
--------------
Tue Nov 03 13:20:05 2015
!Attempt to register class 'AecCompSpec' twice.
--------------
Tue Nov 03 13:20:06 2015
!Attempt to register class 'AecCompSpec' twice.
--------------
Tue Nov 03 13:20:06 2015
!Attempt to register class 'AecCompSpec' twice.
--------------
Tue Nov 03 13:20:06 2015
!Attempt to register class 'AecCompSpec' twice.
--------------
Tue Nov 03 13:20:06 2015
!Attempt to register class 'AecCompSpec' twice.
--------------
Tue Nov 03 13:20:06 2015
!Attempt to register class 'AecCompSpec' twice.
--------------
Tue Nov 03 13:20:06 2015
!Attempt to register class 'AecCompSpec' twice.
--------------
Tue Nov 03 13:20:06 2015
!Attempt to register class 'AecCompSpec' twice.
--------------
Tue Nov 03 13:20:06 2015
!Attempt to register class 'AecCompSpec' twice.
--------------
Tue Nov 03 13:20:06 2015
!Attempt to register class 'AecCompSpec' twice.
--------------
Tue Nov 03 13:20:06 2015
!Attempt to register class 'AecCompSpec' twice.
--------------
Tue Nov 03 13:20:06 2015
!Attempt to register class 'AecCompSpec' twice.
--------------
Tue Nov 03 13:20:06 2015
!Attempt to register class 'AecCompSpec' twice.
--------------
Tue Nov 03 13:20:06 2015
!Attempt to register class 'AecCompSpec' twice.
--------------
Tue Nov 03 13:20:06 2015
!Attempt to register class 'AecCompSpec' twice.
--------------
Tue Nov 03 13:20:06 2015
!Attempt to register class 'AecCompSpec' twice.
--------------
Tue Nov 03 13:20:06 2015
!Attempt to register class 'AecCompSpec' twice.
--------------
Tue Nov 03 13:20:06 2015
!Attempt to register class 'AecCompSpec' twice.
--------------
Tue Nov 03 13:20:07 2015
!Attempt to register class 'AecCompSpec' twice.
--------------
Tue Nov 03 13:20:07 2015
!Attempt to register class 'AecCompSpec' twice.
--------------
Tue Nov 03 13:20:07 2015
!Attempt to register class 'AecCompSpec' twice.
--------------
Tue Nov 03 13:20:07 2015
!Attempt to register class 'AecCompSpec' twice.
--------------
Tue Nov 03 13:20:07 2015
!Attempt to register class 'AecCompSpec' twice.
--------------
Tue Nov 03 13:20:07 2015
!Attempt to register class 'AecCompSpec' twice.
--------------
Tue Nov 03 13:20:07 2015
!Attempt to register class 'AecCompSpec' twice.
--------------
Tue Nov 03 13:20:07 2015
!Attempt to register class 'AecCompSpec' twice.
--------------
Tue Nov 03 13:20:07 2015
!Attempt to register class 'AecCompSpec' twice.
--------------
Tue Nov 03 13:20:07 2015
!Attempt to register class 'AecCompSpec' twice.
--------------
Tue Nov 03 13:20:07 2015
!Attempt to register class 'AecCompSpec' twice.
--------------
Tue Nov 03 13:20:07 2015
!Attempt to register class 'AecCompSpec' twice.
--------------
Tue Nov 03 13:20:07 2015
!Attempt to register class 'AecCompSpec' twice.
--------------
Tue Nov 03 13:20:07 2015
!Attempt to register class 'AecCompSpec' twice.
--------------
Tue Nov 03 13:20:07 2015
!Attempt to register class 'AecCompSpec' twice.
--------------
Tue Nov 03 13:20:07 2015
!Attempt to register class 'AecCompSpec' twice.
--------------
Tue Nov 03 13:20:08 2015
!Attempt to register class 'AecCompSpec' twice.
--------------
Tue Nov 03 13:20:08 2015
!Attempt to register class 'AecCompSpec' twice.
--------------
Tue Nov 03 13:20:08 2015
!Attempt to register class 'AecCompSpec' twice.
--------------
Tue Nov 03 13:20:08 2015
!Attempt to register class 'AecCompSpec' twice.
--------------
Tue Nov 03 13:20:08 2015
!Attempt to register class 'AecCompSpec' twice.
--------------
Tue Nov 03 13:20:08 2015
!Attempt to register class 'AecCompSpec' twice.
--------------
Tue Nov 03 13:20:08 2015
!Attempt to register class 'AecCompSpec' twice.
--------------
Tue Nov 03 13:20:08 2015
!Attempt to register class 'AecCompSpec' twice.
--------------
Tue Nov 03 13:20:08 2015
!Attempt to register class 'AecCompSpec' twice.
--------------
Tue Nov 03 13:20:08 2015
!Attempt to register class 'AecCompSpec' twice.
--------------
Tue Nov 03 13:20:08 2015
!Attempt to register class 'AecCompSpec' twice.
--------------
Tue Nov 03 13:20:08 2015
!Attempt to register class 'AecCompSpec' twice.
--------------
Tue Nov 03 13:20:08 2015
!Attempt to register class 'AecCompSpec' twice.
--------------
Tue Nov 03 13:20:08 2015
!Attempt to register class 'AecCompSpec' twice.
--------------
Tue Nov 03 13:20:08 2015
!Attempt to register class 'AecCompSpec' twice.
--------------
Tue Nov 03 13:20:08 2015
!Attempt to register class 'AecCompSpec' twice.
--------------
Tue Nov 03 13:20:08 2015
!Attempt to register class 'AecCompSpec' twice.
--------------
Tue Nov 03 13:20:09 2015
!Attempt to register class 'AecCompSpec' twice.
--------------
Tue Nov 03 13:20:09 2015
!Attempt to register class 'AecCompSpec' twice.
--------------
Tue Nov 03 13:20:09 2015
!Attempt to register class 'AecCompSpec' twice.
--------------
Tue Nov 03 13:20:09 2015
!Attempt to register class 'AecCompSpec' twice.
--------------
Tue Nov 03 13:20:09 2015
!Attempt to register class 'AecCompSpec' twice.
--------------
Tue Nov 03 13:20:09 2015
!Attempt to register class 'AecCompSpec' twice.
--------------
Tue Nov 03 13:20:09 2015
!Attempt to register class 'AecCompSpec' twice.
--------------
Tue Nov 03 13:20:09 2015
!Attempt to register class 'AecCompSpec' twice.
--------------
Tue Nov 03 13:20:09 2015
!Attempt to register class 'AecCompSpec' twice.
--------------
Tue Nov 03 13:20:09 2015
!Attempt to register class 'AecCompSpec' twice.
--------------
Tue Nov 03 13:20:09 2015
!Attempt to register class 'AecCompSpec' twice.
--------------
Tue Nov 03 13:20:09 2015
!Attempt to register class 'AecCompSpec' twice.
--------------
Tue Nov 03 13:20:09 2015
!Attempt to register class 'AecCompSpec' twice.
--------------
Tue Nov 03 13:20:09 2015
!Attempt to register class 'AecCompSpec' twice.
--------------
Tue Nov 03 13:20:09 2015
!Attempt to register class 'AecCompSpec' twice.
--------------
Tue Nov 03 13:20:09 2015
!Attempt to register class 'AecCompSpec' twice.
--------------
Tue Nov 03 13:20:10 2015
!Attempt to register class 'AecCompSpec' twice.
--------------
Tue Nov 03 13:20:10 2015
!Attempt to register class 'AecCompSpec' twice.
--------------
Tue Nov 03 13:20:10 2015
!Attempt to register class 'AecCompSpec' twice.
--------------
Tue Nov 03 13:20:10 2015
!Attempt to register class 'AecCompSpec' twice.
--------------
Tue Nov 03 13:20:10 2015
!Attempt to register class 'AecCompSpec' twice.
--------------
Tue Nov 03 13:20:10 2015
!Attempt to register class 'AecCompSpec' twice.
--------------
Tue Nov 03 13:20:10 2015
!Attempt to register class 'AecCompSpec' twice.
--------------
Tue Nov 03 13:20:10 2015
!Attempt to register class 'AecCompSpec' twice.
--------------
Tue Nov 03 13:20:10 2015
!Attempt to register class 'AecCompSpec' twice.
--------------
Tue Nov 03 13:20:10 2015
!Attempt to register class 'AecCompSpec' twice.
--------------
Tue Nov 03 13:20:10 2015
!Attempt to register class 'AecCompSpec' twice.
--------------
Tue Nov 03 13:20:10 2015
!Attempt to register class 'AecCompSpec' twice.
--------------
Tue Nov 03 13:20:10 2015
!Attempt to register class 'AecCompSpec' twice.
--------------
Tue Nov 03 13:20:10 2015
!Attempt to register class 'AecCompSpec' twice.
--------------
Tue Nov 03 13:20:10 2015
!Attempt to register class 'AecCompSpec' twice.
--------------
Tue Nov 03 13:20:10 2015
!Attempt to register class 'AecCompSpec' twice.
--------------
Tue Nov 03 13:20:10 2015
!Attempt to register class 'AecCompSpec' twice.
--------------
Tue Nov 03 13:20:11 2015
!Attempt to register class 'AecCompSpec' twice.
--------------
Tue Nov 03 13:20:11 2015
!Attempt to register class 'AecCompSpec' twice.
--------------
Tue Nov 03 13:20:11 2015
!Attempt to register class 'AecCompSpec' twice.
--------------
Tue Nov 03 13:20:11 2015
!Attempt to register class 'AecCompSpec' twice.
--------------
Tue Nov 03 13:20:11 2015
!Attempt to register class 'AecCompSpec' twice.
--------------
Tue Nov 03 13:20:11 2015
!Attempt to register class 'AecCompSpec' twice.
--------------
Tue Nov 03 13:20:11 2015
!Attempt to register class 'AecCompSpec' twice.
--------------
Tue Nov 03 13:20:11 2015
!Attempt to register class 'AecCompSpec' twice.
--------------
Tue Nov 03 13:20:11 2015
!Attempt to register class 'AecCompSpec' twice.
--------------
Tue Nov 03 13:20:11 2015
!Attempt to register class 'AecCompSpec' twice.
--------------
Tue Nov 03 13:20:11 2015
!Attempt to register class 'AecCompSpec' twice.
--------------
Tue Nov 03 13:20:11 2015
!Attempt to register class 'AecCompSpec' twice.
--------------
Tue Nov 03 13:20:11 2015
!Attempt to register class 'AecCompSpec' twice.
--------------
Tue Nov 03 13:20:11 2015
!Attempt to register class 'AecCompSpec' twice.
--------------
Tue Nov 03 13:20:11 2015
!Attempt to register class 'AecCompSpec' twice.
--------------
Tue Nov 03 13:20:11 2015
!Attempt to register class 'AecCompSpec' twice.
--------------
Tue Nov 03 13:20:12 2015
!Attempt to register class 'AecCompSpec' twice.
--------------
Tue Nov 03 13:20:12 2015
!Attempt to register class 'AecCompSpec' twice.
--------------
Tue Nov 03 13:20:12 2015
!Attempt to register class 'AecCompSpec' twice.
--------------
Tue Nov 03 13:20:12 2015
!Attempt to register class 'AecCompSpec' twice.
--------------
Tue Nov 03 13:20:12 2015
!Attempt to register class 'AecCompSpec' twice.
--------------
Tue Nov 03 13:20:12 2015
!Attempt to register class 'AecCompSpec' twice.
--------------
Tue Nov 03 13:20:12 2015
!Attempt to register class 'AecCompSpec' twice.
--------------
Tue Nov 03 13:20:12 2015
!Attempt to register class 'AecCompSpec' twice.
--------------
Tue Nov 03 13:20:12 2015
!Attempt to register class 'AecCompSpec' twice.
--------------
Tue Nov 03 13:20:12 2015
!Attempt to register class 'AecCompSpec' twice.
--------------
Tue Nov 03 13:20:12 2015
!Attempt to register class 'AecCompSpec' twice.
--------------
Tue Nov 03 13:20:12 2015
!Attempt to register class 'AecCompSpec' twice.
--------------
Tue Nov 03 13:20:12 2015
!Attempt to register class 'AecCompSpec' twice.
--------------
Tue Nov 03 13:20:12 2015
!Attempt to register class 'AecCompSpec' twice.
--------------
Fri Nov 13 17:58:23 2015
!Attempt to register class 'AecDbEntityDynamicUCSPE' twice.
--------------
Fri Nov 13 17:59:37 2015
!Attempt to register class 'AecDbEntityDynamicUCSPE' twice.
--------------
Fri Nov 13 17:59:37 2015
!Attempt to register class 'AecCompSpec' twice.
--------------
Fri Nov 13 17:59:37 2015
!Attempt to register class 'AecCompSpec' twice.
--------------
Fri Nov 13 17:59:37 2015
!Attempt to register class 'AecCompSpec' twice.
--------------
Fri Nov 13 17:59:37 2015
!Attempt to register class 'AecCompSpec' twice.
--------------
Fri Nov 13 17:59:37 2015
!Attempt to register class 'AecCompSpec' twice.
--------------
Fri Nov 13 17:59:37 2015
!Attempt to register class 'AecCompSpec' twice.
--------------
Fri Nov 13 17:59:37 2015
!Attempt to register class 'AecCompSpec' twice.
--------------
Fri Nov 13 17:59:37 2015
!Attempt to register class 'AecCompSpec' twice.
--------------
Fri Nov 13 17:59:37 2015
!Attempt to register class 'AecCompSpec' twice.
--------------
Fri Nov 13 17:59:37 2015
!Attempt to register class 'AecCompSpec' twice.
--------------
Fri Nov 13 17:59:38 2015
!Attempt to register class 'AecCompSpec' twice.
--------------
Fri Nov 13 17:59:38 2015
!Attempt to register class 'AecCompSpec' twice.
--------------
Fri Nov 13 17:59:38 2015
!Attempt to register class 'AecCompSpec' twice.
--------------
Fri Nov 13 17:59:38 2015
!Attempt to register class 'AecCompSpec' twice.
--------------
Fri Nov 13 17:59:38 2015
!Attempt to register class 'AecCompSpec' twice.
--------------
Fri Nov 13 17:59:38 2015
!Attempt to register class 'AecCompSpec' twice.
--------------
Fri Nov 13 17:59:38 2015
!Attempt to register class 'AecCompSpec' twice.
--------------
Fri Nov 13 17:59:38 2015
!Attempt to register class 'AecCompSpec' twice.
--------------
Fri Nov 13 17:59:38 2015
!Attempt to register class 'AecCompSpec' twice.
--------------
Fri Nov 13 17:59:38 2015
!Attempt to register class 'AecCompSpec' twice.
--------------
Fri Nov 13 17:59:38 2015
!Attempt to register class 'AecCompSpec' twice.
--------------
Fri Nov 13 17:59:38 2015
!Attempt to register class 'AecCompSpec' twice.
--------------
Fri Nov 13 17:59:38 2015
!Attempt to register class 'AecCompSpec' twice.
--------------
Fri Nov 13 17:59:38 2015
!Attempt to register class 'AecCompSpec' twice.
--------------
Fri Nov 13 17:59:39 2015
!Attempt to register class 'AecCompSpec' twice.
--------------
Fri Nov 13 17:59:39 2015
!Attempt to register class 'AecCompSpec' twice.
--------------
Fri Nov 13 17:59:39 2015
!Attempt to register class 'AecCompSpec' twice.
--------------
Fri Nov 13 17:59:39 2015
!Attempt to register class 'AecCompSpec' twice.
--------------
Fri Nov 13 17:59:39 2015
!Attempt to register class 'AecCompSpec' twice.
--------------
Fri Nov 13 17:59:39 2015
!Attempt to register class 'AecCompSpec' twice.
--------------
Fri Nov 13 17:59:39 2015
!Attempt to register class 'AecCompSpec' twice.
--------------
Fri Nov 13 17:59:39 2015
!Attempt to register class 'AecCompSpec' twice.
--------------
Fri Nov 13 17:59:39 2015
!Attempt to register class 'AecCompSpec' twice.
--------------
Fri Nov 13 17:59:39 2015
!Attempt to register class 'AecCompSpec' twice.
--------------
Fri Nov 13 17:59:39 2015
!Attempt to register class 'AecCompSpec' twice.
--------------
Fri Nov 13 17:59:39 2015
!Attempt to register class 'AecCompSpec' twice.
--------------
Fri Nov 13 17:59:39 2015
!Attempt to register class 'AecCompSpec' twice.
--------------
Fri Nov 13 17:59:40 2015
!Attempt to register class 'AecCompSpec' twice.
--------------
Fri Nov 13 17:59:40 2015
!Attempt to register class 'AecCompSpec' twice.
--------------
Fri Nov 13 17:59:40 2015
!Attempt to register class 'AecCompSpec' twice.
--------------
Fri Nov 13 17:59:40 2015
!Attempt to register class 'AecCompSpec' twice.
--------------
Fri Nov 13 17:59:40 2015
!Attempt to register class 'AecCompSpec' twice.
--------------
Fri Nov 13 17:59:40 2015
!Attempt to register class 'AecCompSpec' twice.
--------------
Fri Nov 13 17:59:40 2015
!Attempt to register class 'AecCompSpec' twice.
--------------
Fri Nov 13 17:59:40 2015
!Attempt to register class 'AecCompSpec' twice.
--------------
Fri Nov 13 17:59:40 2015
!Attempt to register class 'AecCompSpec' twice.
--------------
Fri Nov 13 17:59:40 2015
!Attempt to register class 'AecCompSpec' twice.
--------------
Fri Nov 13 17:59:40 2015
!Attempt to register class 'AecCompSpec' twice.
--------------
Fri Nov 13 17:59:40 2015
!Attempt to register class 'AecCompSpec' twice.
--------------
Fri Nov 13 17:59:40 2015
!Attempt to register class 'AecCompSpec' twice.
--------------
Fri Nov 13 17:59:40 2015
!Attempt to register class 'AecCompSpec' twice.
--------------
Fri Nov 13 17:59:41 2015
!Attempt to register class 'AecCompSpec' twice.
--------------
Fri Nov 13 17:59:41 2015
!Attempt to register class 'AecCompSpec' twice.
--------------
Fri Nov 13 17:59:41 2015
!Attempt to register class 'AecCompSpec' twice.
--------------
Fri Nov 13 17:59:41 2015
!Attempt to register class 'AecCompSpec' twice.
--------------
Fri Nov 13 17:59:41 2015
!Attempt to register class 'AecCompSpec' twice.
--------------
Fri Nov 13 17:59:41 2015
!Attempt to register class 'AecCompSpec' twice.
--------------
Fri Nov 13 17:59:41 2015
!Attempt to register class 'AecCompSpec' twice.
--------------
Fri Nov 13 17:59:41 2015
!Attempt to register class 'AecCompSpec' twice.
--------------
Fri Nov 13 17:59:41 2015
!Attempt to register class 'AecCompSpec' twice.
--------------
Fri Nov 13 17:59:41 2015
!Attempt to register class 'AecCompSpec' twice.
--------------
Fri Nov 13 17:59:41 2015
!Attempt to register class 'AecCompSpec' twice.
--------------
Fri Nov 13 17:59:41 2015
!Attempt to register class 'AecCompSpec' twice.
--------------
Fri Nov 13 17:59:41 2015
!Attempt to register class 'AecCompSpec' twice.
--------------
Fri Nov 13 17:59:42 2015
!Attempt to register class 'AecCompSpec' twice.
--------------
Fri Nov 13 17:59:42 2015
!Attempt to register class 'AecCompSpec' twice.
--------------
Fri Nov 13 17:59:42 2015
!Attempt to register class 'AecCompSpec' twice.
--------------
Fri Nov 13 17:59:42 2015
!Attempt to register class 'AecCompSpec' twice.
--------------
Fri Nov 13 17:59:42 2015
!Attempt to register class 'AecCompSpec' twice.
--------------
Fri Nov 13 17:59:42 2015
!Attempt to register class 'AecCompSpec' twice.
--------------
Fri Nov 13 17:59:42 2015
!Attempt to register class 'AecCompSpec' twice.
--------------
Fri Nov 13 17:59:42 2015
!Attempt to register class 'AecCompSpec' twice.
--------------
Fri Nov 13 17:59:42 2015
!Attempt to register class 'AecCompSpec' twice.
--------------
Fri Nov 13 17:59:42 2015
!Attempt to register class 'AecCompSpec' twice.
--------------
Fri Nov 13 17:59:42 2015
!Attempt to register class 'AecCompSpec' twice.
--------------
Fri Nov 13 17:59:42 2015
!Attempt to register class 'AecCompSpec' twice.
--------------
Fri Nov 13 17:59:42 2015
!Attempt to register class 'AecCompSpec' twice.
--------------
Fri Nov 13 17:59:43 2015
!Attempt to register class 'AecCompSpec' twice.
--------------
Fri Nov 13 17:59:43 2015
!Attempt to register class 'AecCompSpec' twice.
--------------
Fri Nov 13 17:59:43 2015
!Attempt to register class 'AecCompSpec' twice.
--------------
Fri Nov 13 17:59:43 2015
!Attempt to register class 'AecCompSpec' twice.
--------------
Fri Nov 13 17:59:43 2015
!Attempt to register class 'AecCompSpec' twice.
--------------
Fri Nov 13 17:59:43 2015
!Attempt to register class 'AecCompSpec' twice.
--------------
Fri Nov 13 17:59:43 2015
!Attempt to register class 'AecCompSpec' twice.
--------------
Fri Nov 13 17:59:43 2015
!Attempt to register class 'AecCompSpec' twice.
--------------
Fri Nov 13 17:59:43 2015
!Attempt to register class 'AecCompSpec' twice.
--------------
Fri Nov 13 17:59:43 2015
!Attempt to register class 'AecCompSpec' twice.
--------------
Fri Nov 13 17:59:43 2015
!Attempt to register class 'AecCompSpec' twice.
--------------
Fri Nov 13 17:59:43 2015
!Attempt to register class 'AecCompSpec' twice.
--------------
Fri Nov 13 17:59:43 2015
!Attempt to register class 'AecCompSpec' twice.
--------------
Fri Nov 13 17:59:43 2015
!Attempt to register class 'AecCompSpec' twice.
--------------
Fri Nov 13 17:59:44 2015
!Attempt to register class 'AecCompSpec' twice.
--------------
Fri Nov 13 17:59:44 2015
!Attempt to register class 'AecCompSpec' twice.
--------------
Fri Nov 13 17:59:44 2015
!Attempt to register class 'AecCompSpec' twice.
--------------
Fri Nov 13 17:59:44 2015
!Attempt to register class 'AecCompSpec' twice.
--------------
Fri Nov 13 17:59:44 2015
!Attempt to register class 'AecCompSpec' twice.
--------------
Fri Nov 13 17:59:44 2015
!Attempt to register class 'AecCompSpec' twice.
--------------
Fri Nov 13 17:59:44 2015
!Attempt to register class 'AecCompSpec' twice.
--------------
Fri Nov 13 17:59:44 2015
!Attempt to register class 'AecCompSpec' twice.
--------------
Fri Nov 13 17:59:44 2015
!Attempt to register class 'AecCompSpec' twice.
--------------
Fri Nov 13 17:59:44 2015
!Attempt to register class 'AecCompSpec' twice.
--------------
Fri Nov 13 17:59:44 2015
!Attempt to register class 'AecCompSpec' twice.
--------------
Fri Nov 13 17:59:44 2015
!Attempt to register class 'AecCompSpec' twice.
--------------
Fri Nov 13 17:59:44 2015
!Attempt to register class 'AecCompSpec' twice.
--------------
Fri Nov 13 17:59:45 2015
!Attempt to register class 'AecCompSpec' twice.
--------------
Fri Nov 13 17:59:45 2015
!Attempt to register class 'AecCompSpec' twice.
--------------
Fri Nov 13 17:59:45 2015
!Attempt to register class 'AecCompSpec' twice.
--------------
Fri Nov 13 17:59:45 2015
!Attempt to register class 'AecCompSpec' twice.
--------------
Fri Nov 13 17:59:45 2015
!Attempt to register class 'AecCompSpec' twice.
--------------
Fri Nov 13 17:59:45 2015
!Attempt to register class 'AecCompSpec' twice.
--------------
Fri Nov 13 17:59:45 2015
!Attempt to register class 'AecCompSpec' twice.
--------------
Fri Nov 13 17:59:45 2015
!Attempt to register class 'AecCompSpec' twice.
--------------
Fri Nov 13 17:59:45 2015
!Attempt to register class 'AecCompSpec' twice.
--------------
Fri Nov 13 17:59:45 2015
!Attempt to register class 'AecCompSpec' twice.
--------------
Fri Nov 13 17:59:45 2015
!Attempt to register class 'AecCompSpec' twice.
--------------
Fri Nov 13 17:59:45 2015
!Attempt to register class 'AecCompSpec' twice.
--------------
Fri Nov 13 17:59:45 2015
!Attempt to register class 'AecCompSpec' twice.
--------------
Fri Nov 13 17:59:46 2015
!Attempt to register class 'AecCompSpec' twice.
--------------
Fri Nov 13 17:59:46 2015
!Attempt to register class 'AecCompSpec' twice.
--------------
Fri Nov 13 17:59:46 2015
!Attempt to register class 'AecCompSpec' twice.
--------------
Fri Nov 13 17:59:46 2015
!Attempt to register class 'AecCompSpec' twice.
--------------
Fri Nov 13 17:59:46 2015
!Attempt to register class 'AecCompSpec' twice.
--------------
Fri Nov 13 17:59:46 2015
!Attempt to register class 'AecCompSpec' twice.
--------------
Fri Nov 13 17:59:46 2015
!Attempt to register class 'AecCompSpec' twice.
--------------
Fri Nov 13 17:59:46 2015
!Attempt to register class 'AecCompSpec' twice.
--------------
Fri Nov 13 17:59:46 2015
!Attempt to register class 'AecCompSpec' twice.
--------------
Fri Nov 13 17:59:46 2015
!Attempt to register class 'AecCompSpec' twice.
--------------
Fri Nov 13 17:59:46 2015
!Attempt to register class 'AecCompSpec' twice.
--------------
Fri Nov 13 17:59:46 2015
!Attempt to register class 'AecCompSpec' twice.
--------------
Fri Nov 13 17:59:46 2015
!Attempt to register class 'AecCompSpec' twice.
--------------
Fri Nov 13 17:59:46 2015
!Attempt to register class 'AecCompSpec' twice.
--------------
Fri Nov 13 17:59:47 2015
!Attempt to register class 'AecCompSpec' twice.
--------------
Fri Nov 13 17:59:47 2015
!Attempt to register class 'AecCompSpec' twice.
--------------
Fri Nov 13 17:59:47 2015
!Attempt to register class 'AecCompSpec' twice.
--------------
Fri Nov 13 17:59:47 2015
!Attempt to register class 'AecCompSpec' twice.
--------------
Fri Nov 13 17:59:47 2015
!Attempt to register class 'AecCompSpec' twice.
--------------
Fri Nov 13 17:59:47 2015
!Attempt to register class 'AecCompSpec' twice.
--------------
Fri Nov 13 17:59:47 2015
!Attempt to register class 'AecCompSpec' twice.
--------------
Fri Nov 13 17:59:47 2015
!Attempt to register class 'AecCompSpec' twice.
--------------
Fri Nov 13 17:59:47 2015
!Attempt to register class 'AecCompSpec' twice.
--------------
Fri Nov 13 17:59:47 2015
!Attempt to register class 'AecCompSpec' twice.
--------------
Fri Nov 13 17:59:47 2015
!Attempt to register class 'AecCompSpec' twice.
--------------
Fri Nov 13 17:59:47 2015
!Attempt to register class 'AecCompSpec' twice.
--------------
Fri Nov 13 17:59:47 2015
!Attempt to register class 'AecCompSpec' twice.
--------------
Fri Nov 13 17:59:48 2015
!Attempt to register class 'AecCompSpec' twice.
--------------
Fri Nov 13 17:59:48 2015
!Attempt to register class 'AecCompSpec' twice.
--------------
Fri Nov 13 17:59:48 2015
!Attempt to register class 'AecCompSpec' twice.
--------------
Fri Nov 13 17:59:48 2015
!Attempt to register class 'AecCompSpec' twice.
--------------
Fri Nov 13 17:59:48 2015
!Attempt to register class 'AecCompSpec' twice.
--------------
Fri Nov 13 17:59:48 2015
!Attempt to register class 'AecCompSpec' twice.
--------------
Fri Nov 13 17:59:48 2015
!Attempt to register class 'AecCompSpec' twice.
--------------
Fri Nov 13 17:59:48 2015
!Attempt to register class 'AecCompSpec' twice.
--------------
Fri Nov 13 17:59:48 2015
!Attempt to register class 'AecCompSpec' twice.
--------------
Fri Nov 13 17:59:48 2015
!Attempt to register class 'AecCompSpec' twice.
--------------
Fri Nov 13 17:59:48 2015
!Attempt to register class 'AecCompSpec' twice.
--------------
Fri Nov 13 17:59:48 2015
!Attempt to register class 'AecCompSpec' twice.
--------------
Fri Nov 13 17:59:48 2015
!Attempt to register class 'AecCompSpec' twice.
--------------
Fri Nov 13 17:59:48 2015
!Attempt to register class 'AecCompSpec' twice.
--------------
Fri Nov 13 17:59:49 2015
!Attempt to register class 'AecCompSpec' twice.
--------------
Fri Nov 13 17:59:49 2015
!Attempt to register class 'AecCompSpec' twice.
--------------
Fri Nov 13 17:59:49 2015
!Attempt to register class 'AecCompSpec' twice.
--------------
Fri Nov 13 17:59:49 2015
!Attempt to register class 'AecCompSpec' twice.
--------------
Fri Nov 13 17:59:49 2015
!Attempt to register class 'AecCompSpec' twice.
--------------
Fri Nov 13 17:59:49 2015
!Attempt to register class 'AecCompSpec' twice.
--------------
Fri Nov 13 17:59:49 2015
!Attempt to register class 'AecCompSpec' twice.
--------------
Fri Nov 13 17:59:49 2015
!Attempt to register class 'AecCompSpec' twice.
--------------
Fri Nov 13 17:59:49 2015
!Attempt to register class 'AecCompSpec' twice.
--------------
Fri Nov 13 17:59:49 2015
!Attempt to register class 'AecCompSpec' twice.
--------------
Fri Nov 13 17:59:49 2015
!Attempt to register class 'AecCompSpec' twice.
--------------
Fri Nov 13 17:59:49 2015
!Attempt to register class 'AecCompSpec' twice.
--------------
Fri Nov 13 17:59:49 2015
!Attempt to register class 'AecCompSpec' twice.
--------------
Fri Nov 13 17:59:50 2015
!Attempt to register class 'AecCompSpec' twice.
--------------
Fri Nov 13 17:59:50 2015
!Attempt to register class 'AecCompSpec' twice.
--------------
Fri Nov 13 17:59:50 2015
!Attempt to register class 'AecCompSpec' twice.
--------------
Fri Nov 13 17:59:50 2015
!Attempt to register class 'AecCompSpec' twice.
--------------
Fri Nov 13 17:59:50 2015
!Attempt to register class 'AecCompSpec' twice.
--------------
Fri Nov 13 17:59:50 2015
!Attempt to register class 'AecCompSpec' twice.
--------------
Fri Nov 13 17:59:50 2015
!Attempt to register class 'AecCompSpec' twice.
--------------
Fri Nov 13 17:59:57 2015
!Attempt to register class 'AecCompSpec' twice.
--------------
Fri Nov 13 17:59:57 2015
!Attempt to register class 'AecCompSpec' twice.
--------------
Fri Nov 13 17:59:57 2015
!Attempt to register class 'AecCompSpec' twice.
--------------
Fri Nov 13 17:59:57 2015
!Attempt to register class 'AecCompSpec' twice.
--------------
Fri Nov 13 17:59:57 2015
!Attempt to register class 'AecCompSpec' twice.
--------------
Fri Nov 13 17:59:57 2015
!Attempt to register class 'AecCompSpec' twice.
--------------
Fri Nov 13 17:59:57 2015
!Attempt to register class 'AecCompSpec' twice.
--------------
Fri Nov 13 17:59:57 2015
!Attempt to register class 'AecCompSpec' twice.
--------------
Fri Nov 13 17:59:57 2015
!Attempt to register class 'AecCompSpec' twice.
--------------
Fri Nov 13 17:59:57 2015
!Attempt to register class 'AecCompSpec' twice.
--------------
Fri Nov 13 17:59:57 2015
!Attempt to register class 'AecCompSpec' twice.
--------------
Fri Nov 13 17:59:57 2015
!Attempt to register class 'AecCompSpec' twice.
--------------
Fri Nov 13 17:59:57 2015
!Attempt to register class 'AecCompSpec' twice.
--------------
Fri Nov 13 17:59:57 2015
!Attempt to register class 'AecCompSpec' twice.
--------------
Fri Nov 13 17:59:57 2015
!Attempt to register class 'AecCompSpec' twice.
--------------
Fri Nov 13 17:59:58 2015
!Attempt to register class 'AecCompSpec' twice.
--------------
Fri Nov 13 17:59:58 2015
!Attempt to register class 'AecCompSpec' twice.
--------------
Fri Nov 13 17:59:58 2015
!Attempt to register class 'AecCompSpec' twice.
--------------
Fri Nov 13 17:59:58 2015
!Attempt to register class 'AecCompSpec' twice.
--------------
Fri Nov 13 17:59:58 2015
!Attempt to register class 'AecCompSpec' twice.
--------------
Fri Nov 13 17:59:58 2015
!Attempt to register class 'AecCompSpec' twice.
--------------
Fri Nov 13 17:59:58 2015
!Attempt to register class 'AecCompSpec' twice.
--------------
Fri Nov 13 17:59:58 2015
!Attempt to register class 'AecCompSpec' twice.
--------------
Fri Nov 13 17:59:58 2015
!Attempt to register class 'AecCompSpec' twice.
--------------
Fri Nov 13 17:59:58 2015
!Attempt to register class 'AecCompSpec' twice.
--------------
Fri Nov 13 17:59:58 2015
!Attempt to register class 'AecCompSpec' twice.
--------------
Fri Nov 13 17:59:58 2015
!Attempt to register class 'AecCompSpec' twice.
--------------
Fri Nov 13 17:59:58 2015
!Attempt to register class 'AecCompSpec' twice.
--------------
Fri Nov 13 17:59:59 2015
!Attempt to register class 'AecCompSpec' twice.
--------------
Fri Nov 13 17:59:59 2015
!Attempt to register class 'AecCompSpec' twice.
--------------
Fri Nov 13 17:59:59 2015
!Attempt to register class 'AecCompSpec' twice.
--------------
Fri Nov 13 17:59:59 2015
!Attempt to register class 'AecCompSpec' twice.
--------------
Fri Nov 13 17:59:59 2015
!Attempt to register class 'AecCompSpec' twice.
--------------
Fri Nov 13 17:59:59 2015
!Attempt to register class 'AecCompSpec' twice.
--------------
Fri Nov 13 17:59:59 2015
!Attempt to register class 'AecCompSpec' twice.
--------------
Fri Nov 13 17:59:59 2015
!Attempt to register class 'AecCompSpec' twice.
--------------
Fri Nov 13 17:59:59 2015
!Attempt to register class 'AecCompSpec' twice.
--------------
Fri Nov 13 17:59:59 2015
!Attempt to register class 'AecCompSpec' twice.
--------------
Fri Nov 13 17:59:59 2015
!Attempt to register class 'AecCompSpec' twice.
--------------
Fri Nov 13 17:59:59 2015
!Attempt to register class 'AecCompSpec' twice.
--------------
Fri Nov 13 17:59:59 2015
!Attempt to register class 'AecCompSpec' twice.
--------------
Fri Nov 13 18:00:00 2015
!Attempt to register class 'AecCompSpec' twice.
--------------
Fri Nov 13 18:00:00 2015
!Attempt to register class 'AecCompSpec' twice.
--------------
Fri Nov 13 18:00:00 2015
!Attempt to register class 'AecCompSpec' twice.
--------------
Fri Nov 13 18:00:00 2015
!Attempt to register class 'AecCompSpec' twice.
--------------
Fri Nov 13 18:00:00 2015
!Attempt to register class 'AecCompSpec' twice.
--------------
Fri Nov 13 18:00:00 2015
!Attempt to register class 'AecCompSpec' twice.
--------------
Fri Nov 13 18:00:00 2015
!Attempt to register class 'AecCompSpec' twice.
--------------
Fri Nov 13 18:00:00 2015
!Attempt to register class 'AecCompSpec' twice.
--------------
Fri Nov 13 18:00:00 2015
!Attempt to register class 'AecCompSpec' twice.
--------------
Fri Nov 13 18:00:00 2015
!Attempt to register class 'AecCompSpec' twice.
--------------
Fri Nov 13 18:00:00 2015
!Attempt to register class 'AecCompSpec' twice.
--------------
Fri Nov 13 18:00:00 2015
!Attempt to register class 'AecCompSpec' twice.
--------------
Fri Nov 13 18:00:00 2015
!Attempt to register class 'AecCompSpec' twice.
--------------
Fri Nov 13 18:00:00 2015
!Attempt to register class 'AecCompSpec' twice.
--------------
Fri Nov 13 18:00:01 2015
!Attempt to register class 'AecCompSpec' twice.
--------------
Fri Nov 13 18:00:01 2015
!Attempt to register class 'AecCompSpec' twice.
--------------
Fri Nov 13 18:00:01 2015
!Attempt to register class 'AecCompSpec' twice.
--------------
Fri Nov 13 18:00:01 2015
!Attempt to register class 'AecCompSpec' twice.
--------------
Fri Nov 13 18:00:01 2015
!Attempt to register class 'AecCompSpec' twice.
--------------
Fri Nov 13 18:00:01 2015
!Attempt to register class 'AecCompSpec' twice.
--------------
Fri Nov 13 18:00:01 2015
!Attempt to register class 'AecCompSpec' twice.
--------------
Fri Nov 13 18:00:01 2015
!Attempt to register class 'AecCompSpec' twice.
--------------
Fri Nov 13 18:00:01 2015
!Attempt to register class 'AecCompSpec' twice.
--------------
Fri Nov 13 18:00:01 2015
!Attempt to register class 'AecCompSpec' twice.
--------------
Fri Nov 13 18:00:01 2015
!Attempt to register class 'AecCompSpec' twice.
--------------
Fri Nov 13 18:00:01 2015
!Attempt to register class 'AecCompSpec' twice.
--------------
Fri Nov 13 18:00:01 2015
!Attempt to register class 'AecCompSpec' twice.
--------------
Fri Nov 13 18:00:02 2015
!Attempt to register class 'AecCompSpec' twice.
--------------
Fri Nov 13 18:00:02 2015
!Attempt to register class 'AecCompSpec' twice.
--------------
Fri Nov 13 18:00:02 2015
!Attempt to register class 'AecCompSpec' twice.
--------------
Fri Nov 13 18:00:02 2015
!Attempt to register class 'AecCompSpec' twice.
--------------
Fri Nov 13 18:00:02 2015
!Attempt to register class 'AecCompSpec' twice.
--------------
Fri Nov 13 18:00:02 2015
!Attempt to register class 'AecCompSpec' twice.
--------------
Fri Nov 13 18:00:02 2015
!Attempt to register class 'AecCompSpec' twice.
--------------
Fri Nov 13 18:00:02 2015
!Attempt to register class 'AecCompSpec' twice.
--------------
Fri Nov 13 18:00:02 2015
!Attempt to register class 'AecCompSpec' twice.
--------------
Fri Nov 13 18:00:02 2015
!Attempt to register class 'AecCompSpec' twice.
--------------
Fri Nov 13 18:00:02 2015
!Attempt to register class 'AecCompSpec' twice.
--------------
Fri Nov 13 18:00:02 2015
!Attempt to register class 'AecCompSpec' twice.
--------------
Fri Nov 13 18:00:02 2015
!Attempt to register class 'AecCompSpec' twice.
--------------
Fri Nov 13 18:00:03 2015
!Attempt to register class 'AecCompSpec' twice.
--------------
Fri Nov 13 18:00:03 2015
!Attempt to register class 'AecCompSpec' twice.
--------------
Fri Nov 13 18:00:03 2015
!Attempt to register class 'AecCompSpec' twice.
--------------
Fri Nov 13 18:00:03 2015
!Attempt to register class 'AecCompSpec' twice.
--------------
Fri Nov 13 18:00:03 2015
!Attempt to register class 'AecCompSpec' twice.
--------------
Fri Nov 13 18:00:03 2015
!Attempt to register class 'AecCompSpec' twice.
--------------
Fri Nov 13 18:00:03 2015
!Attempt to register class 'AecCompSpec' twice.
--------------
Fri Nov 13 18:00:03 2015
!Attempt to register class 'AecCompSpec' twice.
--------------
Fri Nov 13 18:00:03 2015
!Attempt to register class 'AecCompSpec' twice.
--------------
Fri Nov 13 18:00:03 2015
!Attempt to register class 'AecCompSpec' twice.
--------------
Fri Nov 13 18:00:03 2015
!Attempt to register class 'AecCompSpec' twice.
--------------
Fri Nov 13 18:00:03 2015
!Attempt to register class 'AecCompSpec' twice.
--------------
Fri Nov 13 18:00:03 2015
!Attempt to register class 'AecCompSpec' twice.
--------------
Fri Nov 13 18:00:04 2015
!Attempt to register class 'AecCompSpec' twice.
--------------
Fri Nov 13 18:00:04 2015
!Attempt to register class 'AecCompSpec' twice.
--------------
Fri Nov 13 18:00:04 2015
!Attempt to register class 'AecCompSpec' twice.
--------------
Fri Nov 13 18:00:04 2015
!Attempt to register class 'AecCompSpec' twice.
--------------
Fri Nov 13 18:00:04 2015
!Attempt to register class 'AecCompSpec' twice.
--------------
Fri Nov 13 18:00:04 2015
!Attempt to register class 'AecCompSpec' twice.
--------------
Fri Nov 13 18:00:04 2015
!Attempt to register class 'AecCompSpec' twice.
--------------
Fri Nov 13 18:00:04 2015
!Attempt to register class 'AecCompSpec' twice.
--------------
Fri Nov 13 18:00:04 2015
!Attempt to register class 'AecCompSpec' twice.
--------------
Fri Nov 13 18:00:04 2015
!Attempt to register class 'AecCompSpec' twice.
--------------
Fri Nov 13 18:00:04 2015
!Attempt to register class 'AecCompSpec' twice.
--------------
Fri Nov 13 18:00:04 2015
!Attempt to register class 'AecCompSpec' twice.
--------------
Fri Nov 13 18:00:04 2015
!Attempt to register class 'AecCompSpec' twice.
--------------
Fri Nov 13 18:00:04 2015
!Attempt to register class 'AecCompSpec' twice.
--------------
Fri Nov 13 18:00:05 2015
!Attempt to register class 'AecCompSpec' twice.
--------------
Fri Nov 13 18:00:05 2015
!Attempt to register class 'AecCompSpec' twice.
--------------
Fri Nov 13 18:00:05 2015
!Attempt to register class 'AecCompSpec' twice.
--------------
Fri Nov 13 18:00:05 2015
!Attempt to register class 'AecCompSpec' twice.
--------------
Fri Nov 13 18:00:05 2015
!Attempt to register class 'AecCompSpec' twice.
--------------
Fri Nov 13 18:00:05 2015
!Attempt to register class 'AecCompSpec' twice.
--------------
Fri Nov 13 18:00:05 2015
!Attempt to register class 'AecCompSpec' twice.
--------------
Fri Nov 13 18:00:05 2015
!Attempt to register class 'AecCompSpec' twice.
--------------
Fri Nov 13 18:00:05 2015
!Attempt to register class 'AecCompSpec' twice.
--------------
Fri Nov 13 18:00:05 2015
!Attempt to register class 'AecCompSpec' twice.
--------------
Fri Nov 13 18:00:05 2015
!Attempt to register class 'AecCompSpec' twice.
--------------
Fri Nov 13 18:00:05 2015
!Attempt to register class 'AecCompSpec' twice.
--------------
Fri Nov 13 18:00:05 2015
!Attempt to register class 'AecCompSpec' twice.
--------------
Fri Nov 13 18:00:06 2015
!Attempt to register class 'AecCompSpec' twice.
--------------
Fri Nov 13 18:00:06 2015
!Attempt to register class 'AecCompSpec' twice.
--------------
Fri Nov 13 18:00:06 2015
!Attempt to register class 'AecCompSpec' twice.
--------------
Fri Nov 13 18:00:06 2015
!Attempt to register class 'AecCompSpec' twice.
--------------
Fri Nov 13 18:00:06 2015
!Attempt to register class 'AecCompSpec' twice.
--------------
Fri Nov 13 18:00:06 2015
!Attempt to register class 'AecCompSpec' twice.
--------------
Fri Nov 13 18:00:06 2015
!Attempt to register class 'AecCompSpec' twice.
--------------
Fri Nov 13 18:00:06 2015
!Attempt to register class 'AecCompSpec' twice.
--------------
Fri Nov 13 18:00:06 2015
!Attempt to register class 'AecCompSpec' twice.
--------------
Fri Nov 13 18:00:06 2015
!Attempt to register class 'AecCompSpec' twice.
--------------
Fri Nov 13 18:00:06 2015
!Attempt to register class 'AecCompSpec' twice.
--------------
Fri Nov 13 18:00:06 2015
!Attempt to register class 'AecCompSpec' twice.
--------------
Fri Nov 13 18:00:06 2015
!Attempt to register class 'AecCompSpec' twice.
--------------
Fri Nov 13 18:00:07 2015
!Attempt to register class 'AecCompSpec' twice.
--------------
Fri Nov 13 18:00:07 2015
!Attempt to register class 'AecCompSpec' twice.
--------------
Fri Nov 13 18:00:07 2015
!Attempt to register class 'AecCompSpec' twice.
--------------
Fri Nov 13 18:00:07 2015
!Attempt to register class 'AecCompSpec' twice.
--------------
Fri Nov 13 18:00:07 2015
!Attempt to register class 'AecCompSpec' twice.
--------------
Fri Nov 13 18:00:07 2015
!Attempt to register class 'AecCompSpec' twice.
--------------
Fri Nov 13 18:00:07 2015
!Attempt to register class 'AecCompSpec' twice.
--------------
Fri Nov 13 18:00:07 2015
!Attempt to register class 'AecCompSpec' twice.
--------------
Fri Nov 13 18:00:07 2015
!Attempt to register class 'AecCompSpec' twice.
--------------
Fri Nov 13 18:00:07 2015
!Attempt to register class 'AecCompSpec' twice.
--------------
Fri Nov 13 18:00:07 2015
!Attempt to register class 'AecCompSpec' twice.
--------------
Fri Nov 13 18:00:07 2015
!Attempt to register class 'AecCompSpec' twice.
--------------
Fri Nov 13 18:00:07 2015
!Attempt to register class 'AecCompSpec' twice.
--------------
Fri Nov 13 18:00:07 2015
!Attempt to register class 'AecCompSpec' twice.
--------------
Fri Nov 13 18:00:08 2015
!Attempt to register class 'AecCompSpec' twice.
--------------
Fri Nov 13 18:00:08 2015
!Attempt to register class 'AecCompSpec' twice.
--------------
Fri Nov 13 18:00:08 2015
!Attempt to register class 'AecCompSpec' twice.
--------------
Fri Nov 13 18:00:08 2015
!Attempt to register class 'AecCompSpec' twice.
--------------
Fri Nov 13 18:00:08 2015
!Attempt to register class 'AecCompSpec' twice.
--------------
Fri Nov 13 18:00:08 2015
!Attempt to register class 'AecCompSpec' twice.
--------------
Fri Nov 13 18:00:08 2015
!Attempt to register class 'AecCompSpec' twice.
--------------
Fri Nov 13 18:00:08 2015
!Attempt to register class 'AecCompSpec' twice.
--------------
Fri Nov 13 18:00:08 2015
!Attempt to register class 'AecCompSpec' twice.
--------------
Fri Nov 13 18:00:08 2015
!Attempt to register class 'AecCompSpec' twice.
--------------
Fri Nov 13 18:00:08 2015
!Attempt to register class 'AecCompSpec' twice.
--------------
Fri Nov 13 18:00:08 2015
!Attempt to register class 'AecCompSpec' twice.
--------------
Fri Nov 13 18:00:08 2015
!Attempt to register class 'AecCompSpec' twice.
--------------
Fri Nov 13 18:00:09 2015
!Attempt to register class 'AecCompSpec' twice.
--------------
Fri Nov 13 18:00:09 2015
!Attempt to register class 'AecCompSpec' twice.
--------------
Fri Nov 13 18:00:09 2015
!Attempt to register class 'AecCompSpec' twice.
--------------
Fri Nov 13 18:00:09 2015
!Attempt to register class 'AecCompSpec' twice.
--------------
Fri Nov 13 18:00:09 2015
!Attempt to register class 'AecCompSpec' twice.
--------------
Fri Nov 13 18:00:09 2015
!Attempt to register class 'AecCompSpec' twice.
--------------
Fri Nov 13 18:00:09 2015
!Attempt to register class 'AecCompSpec' twice.
--------------
Fri Nov 13 18:00:09 2015
!Attempt to register class 'AecCompSpec' twice.
--------------
Fri Nov 13 18:00:09 2015
!Attempt to register class 'AecCompSpec' twice.
--------------
Fri Nov 13 18:00:09 2015
!Attempt to register class 'AecCompSpec' twice.
--------------
Fri Nov 13 18:00:09 2015
!Attempt to register class 'AecCompSpec' twice.
--------------
Fri Nov 13 18:00:09 2015
!Attempt to register class 'AecCompSpec' twice.
--------------
Fri Nov 13 18:00:09 2015
!Attempt to register class 'AecCompSpec' twice.
--------------
Fri Nov 13 18:00:10 2015
!Attempt to register class 'AecCompSpec' twice.
--------------
Fri Nov 13 18:00:10 2015
!Attempt to register class 'AecCompSpec' twice.
--------------
Fri Nov 13 18:00:10 2015
!Attempt to register class 'AecCompSpec' twice.
--------------
Fri Nov 13 18:00:10 2015
!Attempt to register class 'AecCompSpec' twice.
--------------
Fri Nov 13 18:00:16 2015
!Attempt to register class 'AecCompSpec' twice.
--------------
Fri Nov 13 18:00:16 2015
!Attempt to register class 'AecCompSpec' twice.
--------------
Fri Nov 13 18:00:16 2015
!Attempt to register class 'AecCompSpec' twice.
--------------
Fri Nov 13 18:00:16 2015
!Attempt to register class 'AecCompSpec' twice.
--------------
Fri Nov 13 18:00:16 2015
!Attempt to register class 'AecCompSpec' twice.
--------------
Fri Nov 13 18:00:16 2015
!Attempt to register class 'AecCompSpec' twice.
--------------
Fri Nov 13 18:00:16 2015
!Attempt to register class 'AecCompSpec' twice.
--------------
Fri Nov 13 18:00:16 2015
!Attempt to register class 'AecCompSpec' twice.
--------------
Fri Nov 13 18:00:16 2015
!Attempt to register class 'AecCompSpec' twice.
--------------
Fri Nov 13 18:00:16 2015
!Attempt to register class 'AecCompSpec' twice.
--------------
Fri Nov 13 18:00:17 2015
!Attempt to register class 'AecCompSpec' twice.
--------------
Fri Nov 13 18:00:17 2015
!Attempt to register class 'AecCompSpec' twice.
--------------
Fri Nov 13 18:00:17 2015
!Attempt to register class 'AecCompSpec' twice.
--------------
Fri Nov 13 18:00:17 2015
!Attempt to register class 'AecCompSpec' twice.
--------------
Fri Nov 13 18:00:17 2015
!Attempt to register class 'AecCompSpec' twice.
--------------
Fri Nov 13 18:00:17 2015
!Attempt to register class 'AecCompSpec' twice.
--------------
Fri Nov 13 18:00:17 2015
!Attempt to register class 'AecCompSpec' twice.
--------------
Fri Nov 13 18:00:17 2015
!Attempt to register class 'AecCompSpec' twice.
--------------
Fri Nov 13 18:00:17 2015
!Attempt to register class 'AecCompSpec' twice.
--------------
Fri Nov 13 18:00:17 2015
!Attempt to register class 'AecCompSpec' twice.
--------------
Fri Nov 13 18:00:17 2015
!Attempt to register class 'AecCompSpec' twice.
--------------
Fri Nov 13 18:00:17 2015
!Attempt to register class 'AecCompSpec' twice.
--------------
Fri Nov 13 18:00:17 2015
!Attempt to register class 'AecCompSpec' twice.
--------------
Fri Nov 13 18:00:18 2015
!Attempt to register class 'AecCompSpec' twice.
--------------
Fri Nov 13 18:00:18 2015
!Attempt to register class 'AecCompSpec' twice.
--------------
Fri Nov 13 18:00:18 2015
!Attempt to register class 'AecCompSpec' twice.
--------------
Fri Nov 13 18:00:18 2015
!Attempt to register class 'AecCompSpec' twice.
--------------
Fri Nov 13 18:00:18 2015
!Attempt to register class 'AecCompSpec' twice.
--------------
Fri Nov 13 18:00:18 2015
!Attempt to register class 'AecCompSpec' twice.
--------------
Fri Nov 13 18:00:18 2015
!Attempt to register class 'AecCompSpec' twice.
--------------
Fri Nov 13 18:00:18 2015
!Attempt to register class 'AecCompSpec' twice.
--------------
Fri Nov 13 18:00:18 2015
!Attempt to register class 'AecCompSpec' twice.
--------------
Fri Nov 13 18:00:18 2015
!Attempt to register class 'AecCompSpec' twice.
--------------
Fri Nov 13 18:00:18 2015
!Attempt to register class 'AecCompSpec' twice.
--------------
Fri Nov 13 18:00:18 2015
!Attempt to register class 'AecCompSpec' twice.
--------------
Fri Nov 13 18:00:18 2015
!Attempt to register class 'AecCompSpec' twice.
--------------
Fri Nov 13 18:00:18 2015
!Attempt to register class 'AecCompSpec' twice.
--------------
Fri Nov 13 18:00:19 2015
!Attempt to register class 'AecCompSpec' twice.
--------------
Fri Nov 13 18:00:19 2015
!Attempt to register class 'AecCompSpec' twice.
--------------
Fri Nov 13 18:00:19 2015
!Attempt to register class 'AecCompSpec' twice.
--------------
Fri Nov 13 18:00:19 2015
!Attempt to register class 'AecCompSpec' twice.
--------------
Fri Nov 13 18:00:19 2015
!Attempt to register class 'AecCompSpec' twice.
--------------
Fri Nov 13 18:00:19 2015
!Attempt to register class 'AecCompSpec' twice.
--------------
Fri Nov 13 18:00:19 2015
!Attempt to register class 'AecCompSpec' twice.
--------------
Fri Nov 13 18:00:19 2015
!Attempt to register class 'AecCompSpec' twice.
--------------
Fri Nov 13 18:00:19 2015
!Attempt to register class 'AecCompSpec' twice.
--------------
Fri Nov 13 18:00:19 2015
!Attempt to register class 'AecCompSpec' twice.
--------------
Fri Nov 13 18:00:19 2015
!Attempt to register class 'AecCompSpec' twice.
--------------
Fri Nov 13 18:00:19 2015
!Attempt to register class 'AecCompSpec' twice.
--------------
Fri Nov 13 18:00:19 2015
!Attempt to register class 'AecCompSpec' twice.
--------------
Fri Nov 13 18:00:20 2015
!Attempt to register class 'AecCompSpec' twice.
--------------
Fri Nov 13 18:00:20 2015
!Attempt to register class 'AecCompSpec' twice.
--------------
Fri Nov 13 18:00:20 2015
!Attempt to register class 'AecCompSpec' twice.
--------------
Fri Nov 13 18:00:20 2015
!Attempt to register class 'AecCompSpec' twice.
--------------
Fri Nov 13 18:00:20 2015
!Attempt to register class 'AecCompSpec' twice.
--------------
Fri Nov 13 18:00:20 2015
!Attempt to register class 'AecCompSpec' twice.
--------------
Fri Nov 13 18:00:20 2015
!Attempt to register class 'AecCompSpec' twice.
--------------
Fri Nov 13 18:00:20 2015
!Attempt to register class 'AecCompSpec' twice.
--------------
Fri Nov 13 18:00:20 2015
!Attempt to register class 'AecCompSpec' twice.
--------------
Fri Nov 13 18:00:20 2015
!Attempt to register class 'AecCompSpec' twice.
--------------
Fri Nov 13 18:00:20 2015
!Attempt to register class 'AecCompSpec' twice.
--------------
Fri Nov 13 18:00:20 2015
!Attempt to register class 'AecCompSpec' twice.
--------------
Fri Nov 13 18:00:20 2015
!Attempt to register class 'AecCompSpec' twice.
--------------
Fri Nov 13 18:00:21 2015
!Attempt to register class 'AecCompSpec' twice.
--------------
Fri Nov 13 18:00:21 2015
!Attempt to register class 'AecCompSpec' twice.
--------------
Fri Nov 13 18:00:21 2015
!Attempt to register class 'AecCompSpec' twice.
--------------
Fri Nov 13 18:00:21 2015
!Attempt to register class 'AecCompSpec' twice.
--------------
Fri Nov 13 18:00:21 2015
!Attempt to register class 'AecCompSpec' twice.
--------------
Fri Nov 13 18:00:21 2015
!Attempt to register class 'AecCompSpec' twice.
--------------
Fri Nov 13 18:00:21 2015
!Attempt to register class 'AecCompSpec' twice.
--------------
Fri Nov 13 18:00:21 2015
!Attempt to register class 'AecCompSpec' twice.
--------------
Fri Nov 13 18:00:21 2015
!Attempt to register class 'AecCompSpec' twice.
--------------
Fri Nov 13 18:00:21 2015
!Attempt to register class 'AecCompSpec' twice.
--------------
Fri Nov 13 18:00:21 2015
!Attempt to register class 'AecCompSpec' twice.
--------------
Fri Nov 13 18:00:21 2015
!Attempt to register class 'AecCompSpec' twice.
--------------
Fri Nov 13 18:00:21 2015
!Attempt to register class 'AecCompSpec' twice.
--------------
Fri Nov 13 18:00:21 2015
!Attempt to register class 'AecCompSpec' twice.
--------------
Fri Nov 13 18:00:22 2015
!Attempt to register class 'AecCompSpec' twice.
--------------
Fri Nov 13 18:00:22 2015
!Attempt to register class 'AecCompSpec' twice.
--------------
Fri Nov 13 18:00:22 2015
!Attempt to register class 'AecCompSpec' twice.
--------------
Fri Nov 13 18:00:22 2015
!Attempt to register class 'AecCompSpec' twice.
--------------
Fri Nov 13 18:00:22 2015
!Attempt to register class 'AecCompSpec' twice.
--------------
Fri Nov 13 18:00:22 2015
!Attempt to register class 'AecCompSpec' twice.
--------------
Fri Nov 13 18:00:22 2015
!Attempt to register class 'AecCompSpec' twice.
--------------
Fri Nov 13 18:00:22 2015
!Attempt to register class 'AecCompSpec' twice.
--------------
Fri Nov 13 18:00:22 2015
!Attempt to register class 'AecCompSpec' twice.
--------------
Fri Nov 13 18:00:22 2015
!Attempt to register class 'AecCompSpec' twice.
--------------
Fri Nov 13 18:00:22 2015
!Attempt to register class 'AecCompSpec' twice.
--------------
Fri Nov 13 18:00:22 2015
!Attempt to register class 'AecCompSpec' twice.
--------------
Fri Nov 13 18:00:22 2015
!Attempt to register class 'AecCompSpec' twice.
--------------
Fri Nov 13 18:00:23 2015
!Attempt to register class 'AecCompSpec' twice.
--------------
Fri Nov 13 18:00:23 2015
!Attempt to register class 'AecCompSpec' twice.
--------------
Fri Nov 13 18:00:23 2015
!Attempt to register class 'AecCompSpec' twice.
--------------
Fri Nov 13 18:00:23 2015
!Attempt to register class 'AecCompSpec' twice.
--------------
Fri Nov 13 18:00:23 2015
!Attempt to register class 'AecCompSpec' twice.
--------------
Fri Nov 13 18:00:23 2015
!Attempt to register class 'AecCompSpec' twice.
--------------
Fri Nov 13 18:00:23 2015
!Attempt to register class 'AecCompSpec' twice.
--------------
Fri Nov 13 18:00:23 2015
!Attempt to register class 'AecCompSpec' twice.
--------------
Fri Nov 13 18:00:23 2015
!Attempt to register class 'AecCompSpec' twice.
--------------
Fri Nov 13 18:00:23 2015
!Attempt to register class 'AecCompSpec' twice.
--------------
Fri Nov 13 18:00:23 2015
!Attempt to register class 'AecCompSpec' twice.
--------------
Fri Nov 13 18:00:23 2015
!Attempt to register class 'AecCompSpec' twice.
--------------
Fri Nov 13 18:00:23 2015
!Attempt to register class 'AecCompSpec' twice.
--------------
Fri Nov 13 18:00:24 2015
!Attempt to register class 'AecCompSpec' twice.
--------------
Fri Nov 13 18:00:24 2015
!Attempt to register class 'AecCompSpec' twice.
--------------
Fri Nov 13 18:00:24 2015
!Attempt to register class 'AecCompSpec' twice.
--------------
Fri Nov 13 18:00:24 2015
!Attempt to register class 'AecCompSpec' twice.
--------------
Fri Nov 13 18:00:24 2015
!Attempt to register class 'AecCompSpec' twice.
--------------
Fri Nov 13 18:00:24 2015
!Attempt to register class 'AecCompSpec' twice.
--------------
Fri Nov 13 18:00:24 2015
!Attempt to register class 'AecCompSpec' twice.
--------------
Fri Nov 13 18:00:24 2015
!Attempt to register class 'AecCompSpec' twice.
--------------
Fri Nov 13 18:00:24 2015
!Attempt to register class 'AecCompSpec' twice.
--------------
Fri Nov 13 18:00:24 2015
!Attempt to register class 'AecCompSpec' twice.
--------------
Fri Nov 13 18:00:24 2015
!Attempt to register class 'AecCompSpec' twice.
--------------
Fri Nov 13 18:00:24 2015
!Attempt to register class 'AecCompSpec' twice.
--------------
Fri Nov 13 18:00:24 2015
!Attempt to register class 'AecCompSpec' twice.
--------------
Fri Nov 13 18:00:25 2015
!Attempt to register class 'AecCompSpec' twice.
--------------
Fri Nov 13 18:00:25 2015
!Attempt to register class 'AecCompSpec' twice.
--------------
Fri Nov 13 18:00:25 2015
!Attempt to register class 'AecCompSpec' twice.
--------------
Fri Nov 13 18:00:25 2015
!Attempt to register class 'AecCompSpec' twice.
--------------
Fri Nov 13 18:00:25 2015
!Attempt to register class 'AecCompSpec' twice.
--------------
Fri Nov 13 18:00:25 2015
!Attempt to register class 'AecCompSpec' twice.
--------------
Fri Nov 13 18:00:25 2015
!Attempt to register class 'AecCompSpec' twice.
--------------
Fri Nov 13 18:00:25 2015
!Attempt to register class 'AecCompSpec' twice.
--------------
Fri Nov 13 18:00:25 2015
!Attempt to register class 'AecCompSpec' twice.
--------------
Fri Nov 13 18:00:25 2015
!Attempt to register class 'AecCompSpec' twice.
--------------
Fri Nov 13 18:00:25 2015
!Attempt to register class 'AecCompSpec' twice.
--------------
Fri Nov 13 18:00:25 2015
!Attempt to register class 'AecCompSpec' twice.
--------------
Fri Nov 13 18:00:25 2015
!Attempt to register class 'AecCompSpec' twice.
--------------
Fri Nov 13 18:00:25 2015
!Attempt to register class 'AecCompSpec' twice.
--------------
Fri Nov 13 18:00:26 2015
!Attempt to register class 'AecCompSpec' twice.
--------------
Fri Nov 13 18:00:26 2015
!Attempt to register class 'AecCompSpec' twice.
--------------
Fri Nov 13 18:00:26 2015
!Attempt to register class 'AecCompSpec' twice.
--------------
Fri Nov 13 18:00:26 2015
!Attempt to register class 'AecCompSpec' twice.
--------------
Fri Nov 13 18:00:26 2015
!Attempt to register class 'AecCompSpec' twice.
--------------
Fri Nov 13 18:00:26 2015
!Attempt to register class 'AecCompSpec' twice.
--------------
Fri Nov 13 18:00:26 2015
!Attempt to register class 'AecCompSpec' twice.
--------------
Fri Nov 13 18:00:26 2015
!Attempt to register class 'AecCompSpec' twice.
--------------
Fri Nov 13 18:00:26 2015
!Attempt to register class 'AecCompSpec' twice.
--------------
Fri Nov 13 18:00:26 2015
!Attempt to register class 'AecCompSpec' twice.
--------------
Fri Nov 13 18:00:26 2015
!Attempt to register class 'AecCompSpec' twice.
--------------
Fri Nov 13 18:00:26 2015
!Attempt to register class 'AecCompSpec' twice.
--------------
Fri Nov 13 18:00:26 2015
!Attempt to register class 'AecCompSpec' twice.
--------------
Fri Nov 13 18:00:27 2015
!Attempt to register class 'AecCompSpec' twice.
--------------
Fri Nov 13 18:00:27 2015
!Attempt to register class 'AecCompSpec' twice.
--------------
Fri Nov 13 18:00:27 2015
!Attempt to register class 'AecCompSpec' twice.
--------------
Fri Nov 13 18:00:27 2015
!Attempt to register class 'AecCompSpec' twice.
--------------
Fri Nov 13 18:00:27 2015
!Attempt to register class 'AecCompSpec' twice.
--------------
Fri Nov 13 18:00:27 2015
!Attempt to register class 'AecCompSpec' twice.
--------------
Fri Nov 13 18:00:27 2015
!Attempt to register class 'AecCompSpec' twice.
--------------
Fri Nov 13 18:00:27 2015
!Attempt to register class 'AecCompSpec' twice.
--------------
Fri Nov 13 18:00:27 2015
!Attempt to register class 'AecCompSpec' twice.
--------------
Fri Nov 13 18:00:27 2015
!Attempt to register class 'AecCompSpec' twice.
--------------
Fri Nov 13 18:00:27 2015
!Attempt to register class 'AecCompSpec' twice.
--------------
Fri Nov 13 18:00:27 2015
!Attempt to register class 'AecCompSpec' twice.
--------------
Fri Nov 13 18:00:27 2015
!Attempt to register class 'AecCompSpec' twice.
--------------
Fri Nov 13 18:00:28 2015
!Attempt to register class 'AecCompSpec' twice.
--------------
Fri Nov 13 18:00:28 2015
!Attempt to register class 'AecCompSpec' twice.
--------------
Fri Nov 13 18:00:28 2015
!Attempt to register class 'AecCompSpec' twice.
--------------
Fri Nov 13 18:00:28 2015
!Attempt to register class 'AecCompSpec' twice.
--------------
Fri Nov 13 18:00:28 2015
!Attempt to register class 'AecCompSpec' twice.
--------------
Fri Nov 13 18:00:28 2015
!Attempt to register class 'AecCompSpec' twice.
--------------
Fri Nov 13 18:00:28 2015
!Attempt to register class 'AecCompSpec' twice.
--------------
Fri Nov 13 18:00:28 2015
!Attempt to register class 'AecCompSpec' twice.
--------------
Fri Nov 13 18:00:28 2015
!Attempt to register class 'AecCompSpec' twice.
--------------
Fri Nov 13 18:00:28 2015
!Attempt to register class 'AecCompSpec' twice.
--------------
Fri Nov 13 18:00:28 2015
!Attempt to register class 'AecCompSpec' twice.
--------------
Fri Nov 13 18:00:28 2015
!Attempt to register class 'AecCompSpec' twice.
--------------
Fri Nov 13 18:00:28 2015
!Attempt to register class 'AecCompSpec' twice.
--------------
Fri Nov 13 18:00:29 2015
!Attempt to register class 'AecCompSpec' twice.
--------------
Fri Nov 13 18:00:29 2015
!Attempt to register class 'AecCompSpec' twice.
--------------
Fri Nov 13 18:00:29 2015
!Attempt to register class 'AecCompSpec' twice.
--------------
Fri Nov 13 18:00:29 2015
!Attempt to register class 'AecCompSpec' twice.
--------------
Fri Nov 13 18:00:29 2015
!Attempt to register class 'AecCompSpec' twice.
--------------
Fri Nov 13 18:00:29 2015
!Attempt to register class 'AecCompSpec' twice.
--------------
Fri Nov 13 18:00:29 2015
!Attempt to register class 'AecCompSpec' twice.
--------------
Fri Nov 13 18:00:29 2015
!Attempt to register class 'AecCompSpec' twice.
--------------
Fri Nov 13 18:00:29 2015
!Attempt to register class 'AecCompSpec' twice.
--------------
Fri Nov 13 18:31:36 2015
!Attempt to register class 'AecDbEntityDynamicUCSPE' twice.
--------------
Fri Nov 13 18:31:36 2015
!Attempt to register class 'AecCompSpec' twice.
--------------
Fri Nov 13 18:31:36 2015
!Attempt to register class 'AecCompSpec' twice.
--------------
Fri Nov 13 18:31:36 2015
!Attempt to register class 'AecCompSpec' twice.
--------------
Fri Nov 13 18:31:36 2015
!Attempt to register class 'AecCompSpec' twice.
--------------
Fri Nov 13 18:31:36 2015
!Attempt to register class 'AecCompSpec' twice.
--------------
Fri Nov 13 18:31:36 2015
!Attempt to register class 'AecCompSpec' twice.
--------------
Fri Nov 13 18:31:36 2015
!Attempt to register class 'AecCompSpec' twice.
--------------
Fri Nov 13 18:31:37 2015
!Attempt to register class 'AecCompSpec' twice.
--------------
Fri Nov 13 18:31:37 2015
!Attempt to register class 'AecCompSpec' twice.
--------------
Fri Nov 13 18:31:37 2015
!Attempt to register class 'AecCompSpec' twice.
--------------
Fri Nov 13 18:31:37 2015
!Attempt to register class 'AecCompSpec' twice.
--------------
Fri Nov 13 18:31:37 2015
!Attempt to register class 'AecCompSpec' twice.
--------------
Fri Nov 13 18:31:37 2015
!Attempt to register class 'AecCompSpec' twice.
--------------
Fri Nov 13 18:31:37 2015
!Attempt to register class 'AecCompSpec' twice.
--------------
Fri Nov 13 18:31:37 2015
!Attempt to register class 'AecCompSpec' twice.
--------------
Fri Nov 13 18:31:37 2015
!Attempt to register class 'AecCompSpec' twice.
--------------
Fri Nov 13 18:31:37 2015
!Attempt to register class 'AecCompSpec' twice.
--------------
Fri Nov 13 18:31:37 2015
!Attempt to register class 'AecCompSpec' twice.
--------------
Fri Nov 13 18:31:37 2015
!Attempt to register class 'AecCompSpec' twice.
--------------
Fri Nov 13 18:31:37 2015
!Attempt to register class 'AecCompSpec' twice.
--------------
Fri Nov 13 18:31:38 2015
!Attempt to register class 'AecCompSpec' twice.
--------------
Fri Nov 13 18:31:38 2015
!Attempt to register class 'AecCompSpec' twice.
--------------
Fri Nov 13 18:31:38 2015
!Attempt to register class 'AecCompSpec' twice.
--------------
Fri Nov 13 18:31:38 2015
!Attempt to register class 'AecCompSpec' twice.
--------------
Fri Nov 13 18:31:38 2015
!Attempt to register class 'AecCompSpec' twice.
--------------
Fri Nov 13 18:31:38 2015
!Attempt to register class 'AecCompSpec' twice.
--------------
Fri Nov 13 18:31:38 2015
!Attempt to register class 'AecCompSpec' twice.
--------------
Fri Nov 13 18:31:38 2015
!Attempt to register class 'AecCompSpec' twice.
--------------
Fri Nov 13 18:31:38 2015
!Attempt to register class 'AecCompSpec' twice.
--------------
Fri Nov 13 18:31:38 2015
!Attempt to register class 'AecCompSpec' twice.
--------------
Fri Nov 13 18:31:38 2015
!Attempt to register class 'AecCompSpec' twice.
--------------
Fri Nov 13 18:31:38 2015
!Attempt to register class 'AecCompSpec' twice.
--------------
Fri Nov 13 18:31:38 2015
!Attempt to register class 'AecCompSpec' twice.
--------------
Fri Nov 13 18:31:38 2015
!Attempt to register class 'AecCompSpec' twice.
--------------
Fri Nov 13 18:31:39 2015
!Attempt to register class 'AecCompSpec' twice.
--------------
Fri Nov 13 18:31:39 2015
!Attempt to register class 'AecCompSpec' twice.
--------------
Fri Nov 13 18:31:39 2015
!Attempt to register class 'AecCompSpec' twice.
--------------
Fri Nov 13 18:31:39 2015
!Attempt to register class 'AecCompSpec' twice.
--------------
Fri Nov 13 18:31:39 2015
!Attempt to register class 'AecCompSpec' twice.
--------------
Fri Nov 13 18:31:39 2015
!Attempt to register class 'AecCompSpec' twice.
--------------
Fri Nov 13 18:31:39 2015
!Attempt to register class 'AecCompSpec' twice.
--------------
Fri Nov 13 18:31:39 2015
!Attempt to register class 'AecCompSpec' twice.
--------------
Fri Nov 13 18:31:39 2015
!Attempt to register class 'AecCompSpec' twice.
--------------
Fri Nov 13 18:31:39 2015
!Attempt to register class 'AecCompSpec' twice.
--------------
Fri Nov 13 18:31:39 2015
!Attempt to register class 'AecCompSpec' twice.
--------------
Fri Nov 13 18:31:39 2015
!Attempt to register class 'AecCompSpec' twice.
--------------
Fri Nov 13 18:31:39 2015
!Attempt to register class 'AecCompSpec' twice.
--------------
Fri Nov 13 18:31:40 2015
!Attempt to register class 'AecCompSpec' twice.
--------------
Fri Nov 13 18:31:40 2015
!Attempt to register class 'AecCompSpec' twice.
--------------
Fri Nov 13 18:31:40 2015
!Attempt to register class 'AecCompSpec' twice.
--------------
Fri Nov 13 18:31:40 2015
!Attempt to register class 'AecCompSpec' twice.
--------------
Fri Nov 13 18:31:40 2015
!Attempt to register class 'AecCompSpec' twice.
--------------
Fri Nov 13 18:31:40 2015
!Attempt to register class 'AecCompSpec' twice.
--------------
Fri Nov 13 18:31:40 2015
!Attempt to register class 'AecCompSpec' twice.
--------------
Fri Nov 13 18:31:40 2015
!Attempt to register class 'AecCompSpec' twice.
--------------
Fri Nov 13 18:31:40 2015
!Attempt to register class 'AecCompSpec' twice.
--------------
Fri Nov 13 18:31:40 2015
!Attempt to register class 'AecCompSpec' twice.
--------------
Fri Nov 13 18:31:40 2015
!Attempt to register class 'AecCompSpec' twice.
--------------
Fri Nov 13 18:31:40 2015
!Attempt to register class 'AecCompSpec' twice.
--------------
Fri Nov 13 18:31:40 2015
!Attempt to register class 'AecCompSpec' twice.
--------------
Fri Nov 13 18:31:40 2015
!Attempt to register class 'AecCompSpec' twice.
--------------
Fri Nov 13 18:31:41 2015
!Attempt to register class 'AecCompSpec' twice.
--------------
Fri Nov 13 18:31:41 2015
!Attempt to register class 'AecCompSpec' twice.
--------------
Fri Nov 13 18:31:41 2015
!Attempt to register class 'AecCompSpec' twice.
--------------
Fri Nov 13 18:31:41 2015
!Attempt to register class 'AecCompSpec' twice.
--------------
Fri Nov 13 18:31:41 2015
!Attempt to register class 'AecCompSpec' twice.
--------------
Fri Nov 13 18:31:41 2015
!Attempt to register class 'AecCompSpec' twice.
--------------
Fri Nov 13 18:31:41 2015
!Attempt to register class 'AecCompSpec' twice.
--------------
Fri Nov 13 18:31:41 2015
!Attempt to register class 'AecCompSpec' twice.
--------------
Fri Nov 13 18:31:41 2015
!Attempt to register class 'AecCompSpec' twice.
--------------
Fri Nov 13 18:31:41 2015
!Attempt to register class 'AecCompSpec' twice.
--------------
Fri Nov 13 18:31:41 2015
!Attempt to register class 'AecCompSpec' twice.
--------------
Fri Nov 13 18:31:41 2015
!Attempt to register class 'AecCompSpec' twice.
--------------
Fri Nov 13 18:31:41 2015
!Attempt to register class 'AecCompSpec' twice.
--------------
Fri Nov 13 18:31:42 2015
!Attempt to register class 'AecCompSpec' twice.
--------------
Fri Nov 13 18:31:42 2015
!Attempt to register class 'AecCompSpec' twice.
--------------
Fri Nov 13 18:31:42 2015
!Attempt to register class 'AecCompSpec' twice.
--------------
Fri Nov 13 18:31:42 2015
!Attempt to register class 'AecCompSpec' twice.
--------------
Fri Nov 13 18:31:42 2015
!Attempt to register class 'AecCompSpec' twice.
--------------
Fri Nov 13 18:31:42 2015
!Attempt to register class 'AecCompSpec' twice.
--------------
Fri Nov 13 18:31:42 2015
!Attempt to register class 'AecCompSpec' twice.
--------------
Fri Nov 13 18:31:42 2015
!Attempt to register class 'AecCompSpec' twice.
--------------
Fri Nov 13 18:31:42 2015
!Attempt to register class 'AecCompSpec' twice.
--------------
Fri Nov 13 18:31:42 2015
!Attempt to register class 'AecCompSpec' twice.
--------------
Fri Nov 13 18:31:42 2015
!Attempt to register class 'AecCompSpec' twice.
--------------
Fri Nov 13 18:31:42 2015
!Attempt to register class 'AecCompSpec' twice.
--------------
Fri Nov 13 18:31:42 2015
!Attempt to register class 'AecCompSpec' twice.
--------------
Fri Nov 13 18:31:43 2015
!Attempt to register class 'AecCompSpec' twice.
--------------
Fri Nov 13 18:31:43 2015
!Attempt to register class 'AecCompSpec' twice.
--------------
Fri Nov 13 18:31:43 2015
!Attempt to register class 'AecCompSpec' twice.
--------------
Fri Nov 13 18:31:43 2015
!Attempt to register class 'AecCompSpec' twice.
--------------
Fri Nov 13 18:31:43 2015
!Attempt to register class 'AecCompSpec' twice.
--------------
Fri Nov 13 18:31:43 2015
!Attempt to register class 'AecCompSpec' twice.
--------------
Fri Nov 13 18:31:43 2015
!Attempt to register class 'AecCompSpec' twice.
--------------
Fri Nov 13 18:31:43 2015
!Attempt to register class 'AecCompSpec' twice.
--------------
Fri Nov 13 18:31:43 2015
!Attempt to register class 'AecCompSpec' twice.
--------------
Fri Nov 13 18:31:43 2015
!Attempt to register class 'AecCompSpec' twice.
--------------
Fri Nov 13 18:31:43 2015
!Attempt to register class 'AecCompSpec' twice.
--------------
Fri Nov 13 18:31:43 2015
!Attempt to register class 'AecCompSpec' twice.
--------------
Fri Nov 13 18:31:43 2015
!Attempt to register class 'AecCompSpec' twice.
--------------
Fri Nov 13 18:31:44 2015
!Attempt to register class 'AecCompSpec' twice.
--------------
Fri Nov 13 18:31:44 2015
!Attempt to register class 'AecCompSpec' twice.
--------------
Fri Nov 13 18:31:44 2015
!Attempt to register class 'AecCompSpec' twice.
--------------
Fri Nov 13 18:31:44 2015
!Attempt to register class 'AecCompSpec' twice.
--------------
Fri Nov 13 18:31:44 2015
!Attempt to register class 'AecCompSpec' twice.
--------------
Fri Nov 13 18:31:44 2015
!Attempt to register class 'AecCompSpec' twice.
--------------
Fri Nov 13 18:31:44 2015
!Attempt to register class 'AecCompSpec' twice.
--------------
Fri Nov 13 18:31:44 2015
!Attempt to register class 'AecCompSpec' twice.
--------------
Fri Nov 13 18:31:44 2015
!Attempt to register class 'AecCompSpec' twice.
--------------
Fri Nov 13 18:31:44 2015
!Attempt to register class 'AecCompSpec' twice.
--------------
Fri Nov 13 18:31:44 2015
!Attempt to register class 'AecCompSpec' twice.
--------------
Fri Nov 13 18:31:44 2015
!Attempt to register class 'AecCompSpec' twice.
--------------
Fri Nov 13 18:31:44 2015
!Attempt to register class 'AecCompSpec' twice.
--------------
Fri Nov 13 18:31:45 2015
!Attempt to register class 'AecCompSpec' twice.
--------------
Fri Nov 13 18:31:45 2015
!Attempt to register class 'AecCompSpec' twice.
--------------
Fri Nov 13 18:31:45 2015
!Attempt to register class 'AecCompSpec' twice.
--------------
Fri Nov 13 18:31:45 2015
!Attempt to register class 'AecCompSpec' twice.
--------------
Fri Nov 13 18:31:45 2015
!Attempt to register class 'AecCompSpec' twice.
--------------
Fri Nov 13 18:31:45 2015
!Attempt to register class 'AecCompSpec' twice.
--------------
Fri Nov 13 18:31:45 2015
!Attempt to register class 'AecCompSpec' twice.
--------------
Fri Nov 13 18:31:45 2015
!Attempt to register class 'AecCompSpec' twice.
--------------
Fri Nov 13 18:31:45 2015
!Attempt to register class 'AecCompSpec' twice.
--------------
Fri Nov 13 18:31:45 2015
!Attempt to register class 'AecCompSpec' twice.
--------------
Fri Nov 13 18:31:45 2015
!Attempt to register class 'AecCompSpec' twice.
--------------
Fri Nov 13 18:31:45 2015
!Attempt to register class 'AecCompSpec' twice.
--------------
Fri Nov 13 18:31:45 2015
!Attempt to register class 'AecCompSpec' twice.
--------------
Fri Nov 13 18:31:46 2015
!Attempt to register class 'AecCompSpec' twice.
--------------
Fri Nov 13 18:31:46 2015
!Attempt to register class 'AecCompSpec' twice.
--------------
Fri Nov 13 18:31:46 2015
!Attempt to register class 'AecCompSpec' twice.
--------------
Fri Nov 13 18:31:46 2015
!Attempt to register class 'AecCompSpec' twice.
--------------
Fri Nov 13 18:31:46 2015
!Attempt to register class 'AecCompSpec' twice.
--------------
Fri Nov 13 18:31:46 2015
!Attempt to register class 'AecCompSpec' twice.
--------------
Fri Nov 13 18:31:46 2015
!Attempt to register class 'AecCompSpec' twice.
--------------
Fri Nov 13 18:31:46 2015
!Attempt to register class 'AecCompSpec' twice.
--------------
Fri Nov 13 18:31:46 2015
!Attempt to register class 'AecCompSpec' twice.
--------------
Fri Nov 13 18:31:46 2015
!Attempt to register class 'AecCompSpec' twice.
--------------
Fri Nov 13 18:31:46 2015
!Attempt to register class 'AecCompSpec' twice.
--------------
Fri Nov 13 18:31:46 2015
!Attempt to register class 'AecCompSpec' twice.
--------------
Fri Nov 13 18:31:46 2015
!Attempt to register class 'AecCompSpec' twice.
--------------
Fri Nov 13 18:31:47 2015
!Attempt to register class 'AecCompSpec' twice.
--------------
Fri Nov 13 18:31:47 2015
!Attempt to register class 'AecCompSpec' twice.
--------------
Fri Nov 13 18:31:47 2015
!Attempt to register class 'AecCompSpec' twice.
--------------
Fri Nov 13 18:31:47 2015
!Attempt to register class 'AecCompSpec' twice.
--------------
Fri Nov 13 18:31:47 2015
!Attempt to register class 'AecCompSpec' twice.
--------------
Fri Nov 13 18:31:47 2015
!Attempt to register class 'AecCompSpec' twice.
--------------
Fri Nov 13 18:31:47 2015
!Attempt to register class 'AecCompSpec' twice.
--------------
Fri Nov 13 18:31:47 2015
!Attempt to register class 'AecCompSpec' twice.
--------------
Fri Nov 13 18:31:47 2015
!Attempt to register class 'AecCompSpec' twice.
--------------
Fri Nov 13 18:31:47 2015
!Attempt to register class 'AecCompSpec' twice.
--------------
Fri Nov 13 18:31:47 2015
!Attempt to register class 'AecCompSpec' twice.
--------------
Fri Nov 13 18:31:47 2015
!Attempt to register class 'AecCompSpec' twice.
--------------
Fri Nov 13 18:31:48 2015
!Attempt to register class 'AecCompSpec' twice.
--------------
Fri Nov 13 18:31:48 2015
!Attempt to register class 'AecCompSpec' twice.
--------------
Fri Nov 13 18:31:48 2015
!Attempt to register class 'AecCompSpec' twice.
--------------
Fri Nov 13 18:31:48 2015
!Attempt to register class 'AecCompSpec' twice.
--------------
Fri Nov 13 18:31:48 2015
!Attempt to register class 'AecCompSpec' twice.
--------------
Fri Nov 13 18:31:48 2015
!Attempt to register class 'AecCompSpec' twice.
--------------
Fri Nov 13 18:31:48 2015
!Attempt to register class 'AecCompSpec' twice.
--------------
Fri Nov 13 18:31:48 2015
!Attempt to register class 'AecCompSpec' twice.
--------------
Fri Nov 13 18:31:48 2015
!Attempt to register class 'AecCompSpec' twice.
--------------
Fri Nov 13 18:31:48 2015
!Attempt to register class 'AecCompSpec' twice.
--------------
Fri Nov 13 18:31:48 2015
!Attempt to register class 'AecCompSpec' twice.
--------------
Fri Nov 13 18:31:48 2015
!Attempt to register class 'AecCompSpec' twice.
--------------
Fri Nov 13 18:31:48 2015
!Attempt to register class 'AecCompSpec' twice.
--------------
Fri Nov 13 18:31:49 2015
!Attempt to register class 'AecCompSpec' twice.
--------------
Fri Nov 13 18:31:49 2015
!Attempt to register class 'AecCompSpec' twice.
--------------
Fri Nov 13 18:31:49 2015
!Attempt to register class 'AecCompSpec' twice.
--------------
Fri Nov 13 18:31:49 2015
!Attempt to register class 'AecCompSpec' twice.
--------------
Fri Nov 13 18:31:49 2015
!Attempt to register class 'AecCompSpec' twice.
--------------
Fri Nov 13 18:31:49 2015
!Attempt to register class 'AecCompSpec' twice.
--------------
Fri Nov 13 18:31:49 2015
!Attempt to register class 'AecCompSpec' twice.
--------------
Fri Nov 13 18:31:49 2015
!Attempt to register class 'AecCompSpec' twice.
--------------
Fri Nov 13 18:31:49 2015
!Attempt to register class 'AecCompSpec' twice.
--------------
Fri Nov 13 18:31:49 2015
!Attempt to register class 'AecCompSpec' twice.
--------------
Fri Nov 13 18:31:49 2015
!Attempt to register class 'AecCompSpec' twice.
--------------
Fri Nov 13 18:31:49 2015
!Attempt to register class 'AecCompSpec' twice.
--------------
Fri Nov 13 18:31:49 2015
!Attempt to register class 'AecCompSpec' twice.
--------------
Fri Nov 13 18:31:50 2015
!Attempt to register class 'AecCompSpec' twice.
--------------
Tue Nov 17 13:53:56 2015
!Attempt to register class 'AecDbEntityDynamicUCSPE' twice.
