d:\my c sharp app\kkmsoft\giscad2016\inernal\utils_internal\utils\x64\debug\utils.pch
d:\my c sharp app\kkmsoft\giscad2016\inernal\utils_internal\utils\x64\debug\vc140.pdb
d:\my c sharp app\kkmsoft\giscad2016\inernal\utils_internal\utils\x64\debug\vc140.idb
d:\my c sharp app\kkmsoft\giscad2016\inernal\utils_internal\utils\x64\debug\stdafx.obj
d:\my c sharp app\kkmsoft\giscad2016\inernal\utils_internal\utils\x64\debug\nsconfigfilemgr.obj
d:\my c sharp app\kkmsoft\giscad2016\inernal\utils_internal\utils\x64\debug\nsdatabasemgr.obj
d:\my c sharp app\kkmsoft\giscad2016\inernal\utils_internal\utils\x64\debug\nshtmllogger.obj
d:\my c sharp app\kkmsoft\giscad2016\inernal\utils_internal\utils\x64\debug\nslogcollection.obj
d:\my c sharp app\kkmsoft\giscad2016\inernal\utils_internal\utils\x64\debug\nslogger.obj
d:\my c sharp app\kkmsoft\giscad2016\inernal\utils_internal\utils\x64\debug\nsreportlogger.obj
d:\my c sharp app\kkmsoft\giscad2016\inernal\utils_internal\utils\x64\debug\nsreportwriter.obj
d:\my c sharp app\kkmsoft\giscad2016\inernal\utils_internal\utils\x64\debug\nstextlogger.obj
d:\my c sharp app\kkmsoft\giscad2016\inernal\utils_internal\utils\x64\debug\nsvalidator.obj
d:\my c sharp app\kkmsoft\giscad2016\inernal\utils_internal\utils\x64\debug\utils.obj
d:\my c sharp app\kkmsoft\giscad2016\inernal\debug\utils_internal.ilk
d:\my c sharp app\kkmsoft\giscad2016\inernal\debug\utils_internal.dll
d:\my c sharp app\kkmsoft\giscad2016\inernal\utils_internal\utils\x64\debug\utilsd.pdb
d:\my c sharp app\kkmsoft\giscad2016\inernal\libd\utils_internald.lib
d:\my c sharp app\kkmsoft\giscad2016\inernal\libd\utils_internald.exp
d:\my c sharp app\kkmsoft\giscad2016\inernal\utils_internal\utils\x64\debug\msado15.tli
d:\my c sharp app\kkmsoft\giscad2016\inernal\utils_internal\utils\x64\debug\msado15.tlh
d:\my c sharp app\kkmsoft\giscad2016\inernal\utils_internal\utils\x64\debug\utils.tlog\cl.command.1.tlog
d:\my c sharp app\kkmsoft\giscad2016\inernal\utils_internal\utils\x64\debug\utils.tlog\cl.read.1.tlog
d:\my c sharp app\kkmsoft\giscad2016\inernal\utils_internal\utils\x64\debug\utils.tlog\cl.write.1.tlog
d:\my c sharp app\kkmsoft\giscad2016\inernal\utils_internal\utils\x64\debug\utils.tlog\link.command.1.tlog
d:\my c sharp app\kkmsoft\giscad2016\inernal\utils_internal\utils\x64\debug\utils.tlog\link.read.1.tlog
d:\my c sharp app\kkmsoft\giscad2016\inernal\utils_internal\utils\x64\debug\utils.tlog\link.write.1.tlog
d:\my c sharp app\kkmsoft\giscad2016\inernal\utils_internal\utils\x64\debug\utils.tlog\utils.write.1u.tlog
