d:\my c sharp app\kkmsoft\giscad2016\aecsmartpole\x64\release\aecsmartpole.lib
d:\my c sharp app\kkmsoft\giscad2016\aecsmartpole\x64\release\aecsmartpole.exp
d:\my c sharp app\kkmsoft\giscad2016\aecsmartpole\x64\release\replacelightdlg.obj
d:\my c sharp app\kkmsoft\giscad2016\aecsmartpole\x64\release\querytbl.obj
d:\my c sharp app\kkmsoft\giscad2016\aecsmartpole\x64\release\poleinfo.obj
d:\my c sharp app\kkmsoft\giscad2016\aecsmartpole\x64\release\poledlg.obj
d:\my c sharp app\kkmsoft\giscad2016\aecsmartpole\x64\release\othercommands.obj
d:\my c sharp app\kkmsoft\giscad2016\aecsmartpole\x64\release\optionsdlg.obj
d:\my c sharp app\kkmsoft\giscad2016\aecsmartpole\x64\release\listitemeditctrl.obj
d:\my c sharp app\kkmsoft\giscad2016\aecsmartpole\x64\release\lightinfo.obj
d:\my c sharp app\kkmsoft\giscad2016\aecsmartpole\x64\release\lightdlg.obj
d:\my c sharp app\kkmsoft\giscad2016\aecsmartpole\x64\release\legendinfo.obj
d:\my c sharp app\kkmsoft\giscad2016\aecsmartpole\x64\release\inplaceedit.obj
d:\my c sharp app\kkmsoft\giscad2016\aecsmartpole\x64\release\iecombobox.obj
d:\my c sharp app\kkmsoft\giscad2016\aecsmartpole\x64\release\editlistctrl.obj
d:\my c sharp app\kkmsoft\giscad2016\aecsmartpole\x64\release\docdata.obj
d:\my c sharp app\kkmsoft\giscad2016\aecsmartpole\x64\release\balloonhelp.obj
d:\my c sharp app\kkmsoft\giscad2016\aecsmartpole\x64\release\attachcabledlg.obj
d:\my c sharp app\kkmsoft\giscad2016\aecsmartpole\x64\release\aecsmartpole.obj
d:\my c sharp app\kkmsoft\giscad2016\aecsmartpole\x64\release\acrxentrypoint.obj
d:\my c sharp app\kkmsoft\giscad2016\aecsmartpole\x64\release\aclistwnd.obj
d:\my c sharp app\kkmsoft\giscad2016\aecsmartpole\x64\release\acedit.obj
d:\my c sharp app\kkmsoft\giscad2016\aecsmartpole\x64\release\tablecolumnsdlg.obj
d:\my c sharp app\kkmsoft\giscad2016\aecsmartpole\x64\release\stdafx.obj
d:\my c sharp app\kkmsoft\giscad2016\aecsmartpole\x64\release\sputils.obj
d:\my c sharp app\kkmsoft\giscad2016\aecsmartpole\x64\release\sortlistctrl.obj
d:\my c sharp app\kkmsoft\giscad2016\aecsmartpole\x64\release\sortheaderctrl.obj
d:\my c sharp app\kkmsoft\giscad2016\aecsmartpole\ee_toolbox_x64.ilk
d:\my c sharp app\kkmsoft\giscad2016\aecsmartpole\ee_toolbox_x64.arx
d:\my c sharp app\kkmsoft\giscad2016\aecsmartpole\x64\release\aecsmartpole.res
d:\my c sharp app\kkmsoft\giscad2016\aecsmartpole\x64\release\aecsmartpole.tlog\aecsmartpole.write.1u.tlog
d:\my c sharp app\kkmsoft\giscad2016\aecsmartpole\x64\release\aecsmartpole.tlog\cl.command.1.tlog
d:\my c sharp app\kkmsoft\giscad2016\aecsmartpole\x64\release\aecsmartpole.tlog\cl.read.1.tlog
d:\my c sharp app\kkmsoft\giscad2016\aecsmartpole\x64\release\aecsmartpole.tlog\cl.write.1.tlog
d:\my c sharp app\kkmsoft\giscad2016\aecsmartpole\x64\release\aecsmartpole.tlog\link.command.1.tlog
d:\my c sharp app\kkmsoft\giscad2016\aecsmartpole\x64\release\aecsmartpole.tlog\link.read.1.tlog
d:\my c sharp app\kkmsoft\giscad2016\aecsmartpole\x64\release\aecsmartpole.tlog\link.write.1.tlog
d:\my c sharp app\kkmsoft\giscad2016\aecsmartpole\x64\release\aecsmartpole.tlog\rc.command.1.tlog
d:\my c sharp app\kkmsoft\giscad2016\aecsmartpole\x64\release\aecsmartpole.tlog\rc.read.1.tlog
d:\my c sharp app\kkmsoft\giscad2016\aecsmartpole\x64\release\aecsmartpole.tlog\rc.write.1.tlog
