d:\my c sharp app\kkmsoft\giscad2016\inernal\lib\assetnumberingutility.lib
d:\my c sharp app\kkmsoft\giscad2016\inernal\lib\assetnumberingutility.exp
d:\my c sharp app\kkmsoft\giscad2016\inernal\assetnumberingutility\assetnumberingutility\x64\release\stdafx.obj
d:\my c sharp app\kkmsoft\giscad2016\inernal\assetnumberingutility\assetnumberingutility\x64\release\enddialog.obj
d:\my c sharp app\kkmsoft\giscad2016\inernal\assetnumberingutility\assetnumberingutility\x64\release\docdata.obj
d:\my c sharp app\kkmsoft\giscad2016\inernal\assetnumberingutility\assetnumberingutility\x64\release\assetnumberingutilitydlg.obj
d:\my c sharp app\kkmsoft\giscad2016\inernal\assetnumberingutility\assetnumberingutility\x64\release\assetnumberingutility.obj
d:\my c sharp app\kkmsoft\giscad2016\inernal\assetnumberingutility\assetnumberingutility\x64\release\acrxentrypoint.obj
d:\my c sharp app\kkmsoft\giscad2016\inernal\release\nsassetnumberingutility2010.arx
d:\my c sharp app\kkmsoft\giscad2016\inernal\assetnumberingutility\assetnumberingutility\x64\release\assetnumberingutility.res
d:\my c sharp app\kkmsoft\giscad2016\inernal\assetnumberingutility\assetnumberingutility\x64\release\mssoap30.tli
d:\my c sharp app\kkmsoft\giscad2016\inernal\assetnumberingutility\assetnumberingutility\x64\release\msxml6.tli
d:\my c sharp app\kkmsoft\giscad2016\inernal\assetnumberingutility\assetnumberingutility\x64\release\acax22enu.tlh
d:\my c sharp app\kkmsoft\giscad2016\inernal\assetnumberingutility\assetnumberingutility\x64\release\mssoap30.tlh
d:\my c sharp app\kkmsoft\giscad2016\inernal\assetnumberingutility\assetnumberingutility\x64\release\msxml6.tlh
d:\my c sharp app\kkmsoft\giscad2016\inernal\assetnumberingutility\assetnumberingutility\x64\release\assetnum.599c4286.tlog\assetnumberingutility.write.1u.tlog
d:\my c sharp app\kkmsoft\giscad2016\inernal\assetnumberingutility\assetnumberingutility\x64\release\assetnum.599c4286.tlog\cl.command.1.tlog
d:\my c sharp app\kkmsoft\giscad2016\inernal\assetnumberingutility\assetnumberingutility\x64\release\assetnum.599c4286.tlog\cl.read.1.tlog
d:\my c sharp app\kkmsoft\giscad2016\inernal\assetnumberingutility\assetnumberingutility\x64\release\assetnum.599c4286.tlog\cl.write.1.tlog
d:\my c sharp app\kkmsoft\giscad2016\inernal\assetnumberingutility\assetnumberingutility\x64\release\assetnum.599c4286.tlog\link.command.1.tlog
d:\my c sharp app\kkmsoft\giscad2016\inernal\assetnumberingutility\assetnumberingutility\x64\release\assetnum.599c4286.tlog\link.read.1.tlog
d:\my c sharp app\kkmsoft\giscad2016\inernal\assetnumberingutility\assetnumberingutility\x64\release\assetnum.599c4286.tlog\link.write.1.tlog
d:\my c sharp app\kkmsoft\giscad2016\inernal\assetnumberingutility\assetnumberingutility\x64\release\assetnum.599c4286.tlog\rc.command.1.tlog
d:\my c sharp app\kkmsoft\giscad2016\inernal\assetnumberingutility\assetnumberingutility\x64\release\assetnum.599c4286.tlog\rc.read.1.tlog
d:\my c sharp app\kkmsoft\giscad2016\inernal\assetnumberingutility\assetnumberingutility\x64\release\assetnum.599c4286.tlog\rc.write.1.tlog
