e:\giscad\giscad2018\external\modules\giscadconverter\x64\release\giscadconverter.pch
e:\giscad\giscad2018\external\modules\giscadconverter\x64\release\vc140.pdb
e:\giscad\giscad2018\external\modules\giscadconverter\x64\release\stdafx.obj
e:\giscad\giscad2018\external\modules\giscadconverter\x64\release\nsimportheader.obj
e:\giscad\giscad2018\external\modules\giscadconverter\x64\release\nsimportedfeaturecontainer.obj
e:\giscad\giscad2018\external\modules\giscadconverter\x64\release\nsimportcad.obj
e:\giscad\giscad2018\external\modules\giscadconverter\x64\release\nsheader.obj
e:\giscad\giscad2018\external\modules\giscadconverter\x64\release\nsgeometry.obj
e:\giscad\giscad2018\external\modules\giscadconverter\x64\release\nsfeature.obj
e:\giscad\giscad2018\external\modules\giscadconverter\x64\release\nsexportheader.obj
e:\giscad\giscad2018\external\modules\giscadconverter\x64\release\nsexportedfeaturecontainer.obj
e:\giscad\giscad2018\external\modules\giscadconverter\x64\release\nsexportcad.obj
e:\giscad\giscad2018\external\modules\giscadconverter\x64\release\nscurvemember.obj
e:\giscad\giscad2018\external\modules\giscadconverter\x64\release\nsconverterutils.obj
e:\giscad\giscad2018\external\modules\giscadconverter\x64\release\nsconnectivity.obj
e:\giscad\giscad2018\external\modules\giscadconverter\x64\release\nscompositesurface.obj
e:\giscad\giscad2018\external\modules\giscadconverter\x64\release\nscompositecurve.obj
e:\giscad\giscad2018\external\modules\giscadconverter\x64\release\nscomponentcontainer.obj
e:\giscad\giscad2018\external\modules\giscadconverter\x64\release\nscomponent.obj
e:\giscad\giscad2018\external\modules\giscadconverter\x64\release\nscaddata.obj
e:\giscad\giscad2018\external\modules\giscadconverter\x64\release\nsattributescontainer.obj
e:\giscad\giscad2018\external\modules\giscadconverter\x64\release\nsattribute.obj
e:\giscad\giscad2018\external\modules\giscadconverter\x64\release\giscadconverter.obj
e:\giscad\giscad2018\external\modules\giscadconverter\x64\release\nsxmlparser.obj
e:\giscad\giscad2018\external\modules\giscadconverter\x64\release\nstelement .obj
e:\giscad\giscad2018\external\modules\giscadconverter\x64\release\nsrelationship.obj
e:\giscad\giscad2018\external\modules\giscadconverter\x64\release\nspolygon.obj
e:\giscad\giscad2018\external\modules\giscadconverter\x64\release\nspoint.obj
e:\giscad\giscad2018\external\modules\giscadconverter\x64\release\nspair.obj
e:\giscad\giscad2018\external\modules\giscadconverter\x64\release\nsownership.obj
e:\giscad\giscad2018\external\modules\giscadconverter\x64\release\nsmanyownership.obj
e:\giscad\giscad2018\external\modules\giscadconverter\x64\release\nslinestring.obj
e:\giscad\giscad2018\external\modules\giscadconverter\x64\release\msado15.tli
e:\giscad\giscad2018\external\modules\giscadconverter\x64\release\msxml6.tli
e:\giscad\giscad2018\external\modules\giscadconverter\x64\release\msado15.tlh
e:\giscad\giscad2018\external\modules\giscadconverter\x64\release\msxml6.tlh
e:\giscad\giscad2018\external\modules\giscadconverter\x64\release\giscadconverter.tlog\cl.command.1.tlog
e:\giscad\giscad2018\external\modules\giscadconverter\x64\release\giscadconverter.tlog\cl.read.1.tlog
e:\giscad\giscad2018\external\modules\giscadconverter\x64\release\giscadconverter.tlog\cl.write.1.tlog
e:\giscad\giscad2018\external\modules\giscadconverter\x64\release\giscadconverter.tlog\link.command.1.tlog
e:\giscad\giscad2018\external\modules\giscadconverter\x64\release\giscadconverter.tlog\link.read.1.tlog
e:\giscad\giscad2018\external\modules\giscadconverter\x64\release\giscadconverter.tlog\link.write.1.tlog
