d:\my c sharp app\kkmsoft\giscad2016\inernal\ellipseconnector_internal\ellipseconnector\x64\debug\ellipseconnector.pch
d:\my c sharp app\kkmsoft\giscad2016\inernal\ellipseconnector_internal\ellipseconnector\x64\debug\vc140.pdb
d:\my c sharp app\kkmsoft\giscad2016\inernal\ellipseconnector_internal\ellipseconnector\x64\debug\vc140.idb
d:\my c sharp app\kkmsoft\giscad2016\inernal\ellipseconnector_internal\ellipseconnector\x64\debug\stdafx.obj
d:\my c sharp app\kkmsoft\giscad2016\inernal\ellipseconnector_internal\ellipseconnector\x64\debug\ellipseconnector.obj
d:\my c sharp app\kkmsoft\giscad2016\inernal\ellipseconnector_internal\ellipseconnector\x64\debug\nsdataitem.obj
d:\my c sharp app\kkmsoft\giscad2016\inernal\ellipseconnector_internal\ellipseconnector\x64\debug\nsellipseconnector.obj
d:\my c sharp app\kkmsoft\giscad2016\inernal\libd\ellipseconnector_internald.lib
d:\my c sharp app\kkmsoft\giscad2016\inernal\libd\ellipseconnector_internald.exp
d:\my c sharp app\kkmsoft\giscad2016\inernal\debug\ellipseconnector_internal.ilk
d:\my c sharp app\kkmsoft\giscad2016\inernal\debug\ellipseconnector_internal.dll
d:\my c sharp app\kkmsoft\giscad2016\inernal\ellipseconnector_internal\ellipseconnector\x64\debug\ellipseconnectord.pdb
d:\my c sharp app\kkmsoft\giscad2016\inernal\ellipseconnector_internal\ellipseconnector\x64\debug\mssoap30.tli
d:\my c sharp app\kkmsoft\giscad2016\inernal\ellipseconnector_internal\ellipseconnector\x64\debug\msxml6.tli
d:\my c sharp app\kkmsoft\giscad2016\inernal\ellipseconnector_internal\ellipseconnector\x64\debug\mssoap30.tlh
d:\my c sharp app\kkmsoft\giscad2016\inernal\ellipseconnector_internal\ellipseconnector\x64\debug\msxml6.tlh
d:\my c sharp app\kkmsoft\giscad2016\inernal\ellipseconnector_internal\ellipseconnector\x64\debug\ellipseconnector.tlog\cl.command.1.tlog
d:\my c sharp app\kkmsoft\giscad2016\inernal\ellipseconnector_internal\ellipseconnector\x64\debug\ellipseconnector.tlog\cl.read.1.tlog
d:\my c sharp app\kkmsoft\giscad2016\inernal\ellipseconnector_internal\ellipseconnector\x64\debug\ellipseconnector.tlog\cl.write.1.tlog
d:\my c sharp app\kkmsoft\giscad2016\inernal\ellipseconnector_internal\ellipseconnector\x64\debug\ellipseconnector.tlog\ellipseconnector.write.1u.tlog
d:\my c sharp app\kkmsoft\giscad2016\inernal\ellipseconnector_internal\ellipseconnector\x64\debug\ellipseconnector.tlog\link.command.1.tlog
d:\my c sharp app\kkmsoft\giscad2016\inernal\ellipseconnector_internal\ellipseconnector\x64\debug\ellipseconnector.tlog\link.read.1.tlog
d:\my c sharp app\kkmsoft\giscad2016\inernal\ellipseconnector_internal\ellipseconnector\x64\debug\ellipseconnector.tlog\link.write.1.tlog
